[2019-07-12T10:15:24.916] [INFO] access - ::1 - - "GET / HTTP/1.1" 200 32 "" "Mozilla/5.0 (Windows NT 10.0; Win64; x64) AppleWebKit/537.36 (KHTML, like Gecko) Chrome/75.0.3770.100 Safari/537.36"
[2019-07-12T10:15:25.054] [INFO] access - ::1 - - "GET /favicon.ico HTTP/1.1" 200 32 "http://localhost:3000/" "Mozilla/5.0 (Windows NT 10.0; Win64; x64) AppleWebKit/537.36 (KHTML, like Gecko) Chrome/75.0.3770.100 Safari/537.36"
[2019-07-12T10:15:31.711] [INFO] access - ::1 - - "GET / HTTP/1.1" 200 32 "" "Mozilla/5.0 (Windows NT 10.0; Win64; x64) AppleWebKit/537.36 (KHTML, like Gecko) Chrome/75.0.3770.100 Safari/537.36"
[2019-07-12T10:15:31.764] [INFO] access - ::1 - - "GET /favicon.ico HTTP/1.1" 200 32 "http://localhost:3000/" "Mozilla/5.0 (Windows NT 10.0; Win64; x64) AppleWebKit/537.36 (KHTML, like Gecko) Chrome/75.0.3770.100 Safari/537.36"
[2019-07-12T10:15:34.179] [INFO] access - ::1 - - "GET / HTTP/1.1" 200 32 "" "Mozilla/5.0 (Windows NT 10.0; Win64; x64) AppleWebKit/537.36 (KHTML, like Gecko) Chrome/75.0.3770.100 Safari/537.36"
[2019-07-12T10:15:34.228] [INFO] access - ::1 - - "GET /favicon.ico HTTP/1.1" 200 32 "http://localhost:3000/" "Mozilla/5.0 (Windows NT 10.0; Win64; x64) AppleWebKit/537.36 (KHTML, like Gecko) Chrome/75.0.3770.100 Safari/537.36"
[2019-07-12T10:15:37.508] [INFO] access - ::1 - - "GET / HTTP/1.1" 200 32 "" "Mozilla/5.0 (Windows NT 10.0; Win64; x64) AppleWebKit/537.36 (KHTML, like Gecko) Chrome/75.0.3770.100 Safari/537.36"
[2019-07-12T10:15:37.574] [INFO] access - ::1 - - "GET /favicon.ico HTTP/1.1" 200 32 "http://localhost:3000/" "Mozilla/5.0 (Windows NT 10.0; Win64; x64) AppleWebKit/537.36 (KHTML, like Gecko) Chrome/75.0.3770.100 Safari/537.36"
[2019-07-12T10:16:10.413] [INFO] access - ::1 - - "GET / HTTP/1.1" 200 32 "" "Mozilla/5.0 (Windows NT 10.0; Win64; x64) AppleWebKit/537.36 (KHTML, like Gecko) Chrome/75.0.3770.100 Safari/537.36"
[2019-07-12T10:16:10.471] [INFO] access - ::1 - - "GET /favicon.ico HTTP/1.1" 200 32 "http://localhost:3000/" "Mozilla/5.0 (Windows NT 10.0; Win64; x64) AppleWebKit/537.36 (KHTML, like Gecko) Chrome/75.0.3770.100 Safari/537.36"
[2019-07-12T10:16:59.134] [INFO] access - ::1 - - "GET /login HTTP/1.1" 200 32 "" "Mozilla/5.0 (Windows NT 10.0; Win64; x64) AppleWebKit/537.36 (KHTML, like Gecko) Chrome/75.0.3770.100 Safari/537.36"
[2019-07-12T10:16:59.192] [INFO] access - ::1 - - "GET /favicon.ico HTTP/1.1" 200 32 "http://localhost:3000/login" "Mozilla/5.0 (Windows NT 10.0; Win64; x64) AppleWebKit/537.36 (KHTML, like Gecko) Chrome/75.0.3770.100 Safari/537.36"
[2019-07-12T10:19:14.964] [INFO] access - ::1 - - "GET / HTTP/1.1" 200 32 "" "Mozilla/5.0 (Windows NT 10.0; Win64; x64) AppleWebKit/537.36 (KHTML, like Gecko) Chrome/75.0.3770.100 Safari/537.36"
[2019-07-12T10:19:15.019] [INFO] access - ::1 - - "GET /favicon.ico HTTP/1.1" 200 32 "http://localhost:3000/" "Mozilla/5.0 (Windows NT 10.0; Win64; x64) AppleWebKit/537.36 (KHTML, like Gecko) Chrome/75.0.3770.100 Safari/537.36"
[2019-07-12T10:19:18.069] [INFO] access - ::1 - - "GET /login HTTP/1.1" 200 32 "" "Mozilla/5.0 (Windows NT 10.0; Win64; x64) AppleWebKit/537.36 (KHTML, like Gecko) Chrome/75.0.3770.100 Safari/537.36"
[2019-07-12T10:19:18.124] [INFO] access - ::1 - - "GET /favicon.ico HTTP/1.1" 200 32 "http://localhost:3000/login" "Mozilla/5.0 (Windows NT 10.0; Win64; x64) AppleWebKit/537.36 (KHTML, like Gecko) Chrome/75.0.3770.100 Safari/537.36"
[2019-07-12T10:19:27.984] [INFO] access - ::1 - - "GET /login HTTP/1.1" 200 62 "" "Mozilla/5.0 (Windows NT 10.0; Win64; x64) AppleWebKit/537.36 (KHTML, like Gecko) Chrome/75.0.3770.100 Safari/537.36"
[2019-07-12T10:19:28.099] [INFO] access - ::1 - - "GET /favicon.ico HTTP/1.1" 200 32 "http://localhost:3000/login" "Mozilla/5.0 (Windows NT 10.0; Win64; x64) AppleWebKit/537.36 (KHTML, like Gecko) Chrome/75.0.3770.100 Safari/537.36"
[2019-07-12T10:19:51.533] [INFO] access - ::1 - - "GET /login HTTP/1.1" 200 62 "" "Mozilla/5.0 (Windows NT 10.0; Win64; x64) AppleWebKit/537.36 (KHTML, like Gecko) Chrome/75.0.3770.100 Safari/537.36"
[2019-07-12T10:19:51.599] [INFO] access - ::1 - - "GET /favicon.ico HTTP/1.1" 200 32 "http://localhost:3000/login" "Mozilla/5.0 (Windows NT 10.0; Win64; x64) AppleWebKit/537.36 (KHTML, like Gecko) Chrome/75.0.3770.100 Safari/537.36"
[2019-07-12T10:20:06.413] [INFO] access - ::1 - - "GET /login HTTP/1.1" 200 65 "" "Mozilla/5.0 (Windows NT 10.0; Win64; x64) AppleWebKit/537.36 (KHTML, like Gecko) Chrome/75.0.3770.100 Safari/537.36"
[2019-07-12T10:20:06.468] [INFO] access - ::1 - - "GET /favicon.ico HTTP/1.1" 200 32 "http://localhost:3000/login" "Mozilla/5.0 (Windows NT 10.0; Win64; x64) AppleWebKit/537.36 (KHTML, like Gecko) Chrome/75.0.3770.100 Safari/537.36"
[2019-07-12T10:20:54.444] [INFO] access - ::1 - - "GET /login HTTP/1.1" 200 62 "" "Mozilla/5.0 (Windows NT 10.0; Win64; x64) AppleWebKit/537.36 (KHTML, like Gecko) Chrome/75.0.3770.100 Safari/537.36"
[2019-07-12T10:20:54.570] [INFO] access - ::1 - - "GET /favicon.ico HTTP/1.1" 200 32 "http://localhost:3000/login" "Mozilla/5.0 (Windows NT 10.0; Win64; x64) AppleWebKit/537.36 (KHTML, like Gecko) Chrome/75.0.3770.100 Safari/537.36"
[2019-07-12T10:20:58.154] [INFO] access - ::1 - - "GET /login HTTP/1.1" 200 62 "" "Mozilla/5.0 (Windows NT 10.0; Win64; x64) AppleWebKit/537.36 (KHTML, like Gecko) Chrome/75.0.3770.100 Safari/537.36"
[2019-07-12T10:20:58.210] [INFO] access - ::1 - - "GET /favicon.ico HTTP/1.1" 200 32 "http://localhost:3000/login" "Mozilla/5.0 (Windows NT 10.0; Win64; x64) AppleWebKit/537.36 (KHTML, like Gecko) Chrome/75.0.3770.100 Safari/537.36"
[2019-07-12T10:22:17.536] [INFO] access - ::1 - - "GET /login HTTP/1.1" 200 62 "" "Mozilla/5.0 (Windows NT 10.0; Win64; x64) AppleWebKit/537.36 (KHTML, like Gecko) Chrome/75.0.3770.100 Safari/537.36"
[2019-07-12T10:22:17.594] [INFO] access - ::1 - - "GET /favicon.ico HTTP/1.1" 200 32 "http://localhost:3000/login" "Mozilla/5.0 (Windows NT 10.0; Win64; x64) AppleWebKit/537.36 (KHTML, like Gecko) Chrome/75.0.3770.100 Safari/537.36"
[2019-07-12T10:22:18.177] [INFO] access - ::1 - - "GET /login HTTP/1.1" 200 62 "" "Mozilla/5.0 (Windows NT 10.0; Win64; x64) AppleWebKit/537.36 (KHTML, like Gecko) Chrome/75.0.3770.100 Safari/537.36"
[2019-07-12T10:22:18.225] [INFO] access - ::1 - - "GET /favicon.ico HTTP/1.1" 200 32 "http://localhost:3000/login" "Mozilla/5.0 (Windows NT 10.0; Win64; x64) AppleWebKit/537.36 (KHTML, like Gecko) Chrome/75.0.3770.100 Safari/537.36"
[2019-07-12T10:22:18.561] [INFO] access - ::1 - - "GET /login HTTP/1.1" 200 62 "" "Mozilla/5.0 (Windows NT 10.0; Win64; x64) AppleWebKit/537.36 (KHTML, like Gecko) Chrome/75.0.3770.100 Safari/537.36"
[2019-07-12T10:22:18.610] [INFO] access - ::1 - - "GET /favicon.ico HTTP/1.1" 200 32 "http://localhost:3000/login" "Mozilla/5.0 (Windows NT 10.0; Win64; x64) AppleWebKit/537.36 (KHTML, like Gecko) Chrome/75.0.3770.100 Safari/537.36"
[2019-07-12T10:22:18.728] [INFO] access - ::1 - - "GET /login HTTP/1.1" 200 62 "" "Mozilla/5.0 (Windows NT 10.0; Win64; x64) AppleWebKit/537.36 (KHTML, like Gecko) Chrome/75.0.3770.100 Safari/537.36"
[2019-07-12T10:22:18.774] [INFO] access - ::1 - - "GET /favicon.ico HTTP/1.1" 200 32 "http://localhost:3000/login" "Mozilla/5.0 (Windows NT 10.0; Win64; x64) AppleWebKit/537.36 (KHTML, like Gecko) Chrome/75.0.3770.100 Safari/537.36"
[2019-07-12T10:22:18.880] [INFO] access - ::1 - - "GET /login HTTP/1.1" 200 62 "" "Mozilla/5.0 (Windows NT 10.0; Win64; x64) AppleWebKit/537.36 (KHTML, like Gecko) Chrome/75.0.3770.100 Safari/537.36"
[2019-07-12T10:22:18.933] [INFO] access - ::1 - - "GET /favicon.ico HTTP/1.1" 200 32 "http://localhost:3000/login" "Mozilla/5.0 (Windows NT 10.0; Win64; x64) AppleWebKit/537.36 (KHTML, like Gecko) Chrome/75.0.3770.100 Safari/537.36"
[2019-07-12T10:22:20.882] [INFO] access - ::1 - - "GET /login HTTP/1.1" 200 62 "" "Mozilla/5.0 (Windows NT 10.0; Win64; x64) AppleWebKit/537.36 (KHTML, like Gecko) Chrome/75.0.3770.100 Safari/537.36"
[2019-07-12T10:22:20.935] [INFO] access - ::1 - - "GET /favicon.ico HTTP/1.1" 200 32 "http://localhost:3000/login" "Mozilla/5.0 (Windows NT 10.0; Win64; x64) AppleWebKit/537.36 (KHTML, like Gecko) Chrome/75.0.3770.100 Safari/537.36"
[2019-07-12T10:23:14.868] [INFO] access - ::1 - - "GET / HTTP/1.1" 200 32 "" "Mozilla/5.0 (Windows NT 10.0; Win64; x64) AppleWebKit/537.36 (KHTML, like Gecko) Chrome/75.0.3770.100 Safari/537.36"
[2019-07-12T10:23:14.923] [INFO] access - ::1 - - "GET /favicon.ico HTTP/1.1" 200 32 "http://localhost:3000/" "Mozilla/5.0 (Windows NT 10.0; Win64; x64) AppleWebKit/537.36 (KHTML, like Gecko) Chrome/75.0.3770.100 Safari/537.36"
[2019-07-12T10:23:18.700] [INFO] access - ::1 - - "GET /login HTTP/1.1" 200 62 "" "Mozilla/5.0 (Windows NT 10.0; Win64; x64) AppleWebKit/537.36 (KHTML, like Gecko) Chrome/75.0.3770.100 Safari/537.36"
[2019-07-12T10:23:18.760] [INFO] access - ::1 - - "GET /favicon.ico HTTP/1.1" 200 32 "http://localhost:3000/login" "Mozilla/5.0 (Windows NT 10.0; Win64; x64) AppleWebKit/537.36 (KHTML, like Gecko) Chrome/75.0.3770.100 Safari/537.36"
[2019-07-12T10:23:21.182] [INFO] access - ::1 - - "GET /login HTTP/1.1" 200 62 "" "Mozilla/5.0 (Windows NT 10.0; Win64; x64) AppleWebKit/537.36 (KHTML, like Gecko) Chrome/75.0.3770.100 Safari/537.36"
[2019-07-12T10:23:21.234] [INFO] access - ::1 - - "GET /favicon.ico HTTP/1.1" 200 32 "http://localhost:3000/login" "Mozilla/5.0 (Windows NT 10.0; Win64; x64) AppleWebKit/537.36 (KHTML, like Gecko) Chrome/75.0.3770.100 Safari/537.36"
[2019-07-12T10:23:45.634] [INFO] access - ::1 - - "GET /login HTTP/1.1" 200 62 "" "Mozilla/5.0 (Windows NT 10.0; Win64; x64) AppleWebKit/537.36 (KHTML, like Gecko) Chrome/75.0.3770.100 Safari/537.36"
[2019-07-12T10:23:45.689] [INFO] access - ::1 - - "GET /favicon.ico HTTP/1.1" 200 32 "http://localhost:3000/login" "Mozilla/5.0 (Windows NT 10.0; Win64; x64) AppleWebKit/537.36 (KHTML, like Gecko) Chrome/75.0.3770.100 Safari/537.36"
[2019-07-12T10:23:51.372] [INFO] access - ::1 - - "GET /login HTTP/1.1" 200 59 "" "Mozilla/5.0 (Windows NT 10.0; Win64; x64) AppleWebKit/537.36 (KHTML, like Gecko) Chrome/75.0.3770.100 Safari/537.36"
[2019-07-12T10:23:51.448] [INFO] access - ::1 - - "GET /favicon.ico HTTP/1.1" 200 32 "http://localhost:3000/login" "Mozilla/5.0 (Windows NT 10.0; Win64; x64) AppleWebKit/537.36 (KHTML, like Gecko) Chrome/75.0.3770.100 Safari/537.36"
[2019-07-12T10:23:51.800] [INFO] access - ::1 - - "GET /login HTTP/1.1" 200 59 "" "Mozilla/5.0 (Windows NT 10.0; Win64; x64) AppleWebKit/537.36 (KHTML, like Gecko) Chrome/75.0.3770.100 Safari/537.36"
[2019-07-12T10:23:51.855] [INFO] access - ::1 - - "GET /favicon.ico HTTP/1.1" 200 32 "http://localhost:3000/login" "Mozilla/5.0 (Windows NT 10.0; Win64; x64) AppleWebKit/537.36 (KHTML, like Gecko) Chrome/75.0.3770.100 Safari/537.36"
[2019-07-12T10:23:52.025] [INFO] access - ::1 - - "GET /login HTTP/1.1" 200 59 "" "Mozilla/5.0 (Windows NT 10.0; Win64; x64) AppleWebKit/537.36 (KHTML, like Gecko) Chrome/75.0.3770.100 Safari/537.36"
[2019-07-12T10:23:52.102] [INFO] access - ::1 - - "GET /favicon.ico HTTP/1.1" 200 32 "http://localhost:3000/login" "Mozilla/5.0 (Windows NT 10.0; Win64; x64) AppleWebKit/537.36 (KHTML, like Gecko) Chrome/75.0.3770.100 Safari/537.36"
[2019-07-12T10:23:52.200] [INFO] access - ::1 - - "GET /login HTTP/1.1" 200 59 "" "Mozilla/5.0 (Windows NT 10.0; Win64; x64) AppleWebKit/537.36 (KHTML, like Gecko) Chrome/75.0.3770.100 Safari/537.36"
[2019-07-12T10:23:52.247] [INFO] access - ::1 - - "GET /favicon.ico HTTP/1.1" 200 32 "http://localhost:3000/login" "Mozilla/5.0 (Windows NT 10.0; Win64; x64) AppleWebKit/537.36 (KHTML, like Gecko) Chrome/75.0.3770.100 Safari/537.36"
[2019-07-12T10:23:52.352] [INFO] access - ::1 - - "GET /login HTTP/1.1" 200 59 "" "Mozilla/5.0 (Windows NT 10.0; Win64; x64) AppleWebKit/537.36 (KHTML, like Gecko) Chrome/75.0.3770.100 Safari/537.36"
[2019-07-12T10:23:52.398] [INFO] access - ::1 - - "GET /favicon.ico HTTP/1.1" 200 32 "http://localhost:3000/login" "Mozilla/5.0 (Windows NT 10.0; Win64; x64) AppleWebKit/537.36 (KHTML, like Gecko) Chrome/75.0.3770.100 Safari/537.36"
[2019-07-12T10:23:52.512] [INFO] access - ::1 - - "GET /login HTTP/1.1" 200 59 "" "Mozilla/5.0 (Windows NT 10.0; Win64; x64) AppleWebKit/537.36 (KHTML, like Gecko) Chrome/75.0.3770.100 Safari/537.36"
[2019-07-12T10:23:52.559] [INFO] access - ::1 - - "GET /favicon.ico HTTP/1.1" 200 32 "http://localhost:3000/login" "Mozilla/5.0 (Windows NT 10.0; Win64; x64) AppleWebKit/537.36 (KHTML, like Gecko) Chrome/75.0.3770.100 Safari/537.36"
[2019-07-12T10:23:52.688] [INFO] access - ::1 - - "GET /login HTTP/1.1" 200 59 "" "Mozilla/5.0 (Windows NT 10.0; Win64; x64) AppleWebKit/537.36 (KHTML, like Gecko) Chrome/75.0.3770.100 Safari/537.36"
[2019-07-12T10:23:52.734] [INFO] access - ::1 - - "GET /favicon.ico HTTP/1.1" 200 32 "http://localhost:3000/login" "Mozilla/5.0 (Windows NT 10.0; Win64; x64) AppleWebKit/537.36 (KHTML, like Gecko) Chrome/75.0.3770.100 Safari/537.36"
[2019-07-12T10:24:34.067] [INFO] access - ::1 - - "GET / HTTP/1.1" 200 32 "" "Mozilla/5.0 (Windows NT 10.0; Win64; x64) AppleWebKit/537.36 (KHTML, like Gecko) Chrome/75.0.3770.100 Safari/537.36"
[2019-07-12T10:24:34.133] [INFO] access - ::1 - - "GET /favicon.ico HTTP/1.1" 200 32 "http://localhost:3000/" "Mozilla/5.0 (Windows NT 10.0; Win64; x64) AppleWebKit/537.36 (KHTML, like Gecko) Chrome/75.0.3770.100 Safari/537.36"
[2019-07-12T10:24:39.365] [INFO] access - ::1 - - "GET /login HTTP/1.1" 200 59 "" "Mozilla/5.0 (Windows NT 10.0; Win64; x64) AppleWebKit/537.36 (KHTML, like Gecko) Chrome/75.0.3770.100 Safari/537.36"
[2019-07-12T10:24:39.420] [INFO] access - ::1 - - "GET /favicon.ico HTTP/1.1" 200 32 "http://localhost:3000/login" "Mozilla/5.0 (Windows NT 10.0; Win64; x64) AppleWebKit/537.36 (KHTML, like Gecko) Chrome/75.0.3770.100 Safari/537.36"
[2019-07-12T10:24:44.291] [INFO] access - ::1 - - "GET /index HTTP/1.1" 200 32 "" "Mozilla/5.0 (Windows NT 10.0; Win64; x64) AppleWebKit/537.36 (KHTML, like Gecko) Chrome/75.0.3770.100 Safari/537.36"
[2019-07-12T10:24:44.349] [INFO] access - ::1 - - "GET /favicon.ico HTTP/1.1" 200 32 "http://localhost:3000/index" "Mozilla/5.0 (Windows NT 10.0; Win64; x64) AppleWebKit/537.36 (KHTML, like Gecko) Chrome/75.0.3770.100 Safari/537.36"
[2019-07-12T10:24:46.787] [INFO] access - ::1 - - "GET / HTTP/1.1" 200 32 "" "Mozilla/5.0 (Windows NT 10.0; Win64; x64) AppleWebKit/537.36 (KHTML, like Gecko) Chrome/75.0.3770.100 Safari/537.36"
[2019-07-12T10:24:46.839] [INFO] access - ::1 - - "GET /favicon.ico HTTP/1.1" 200 32 "http://localhost:3000/" "Mozilla/5.0 (Windows NT 10.0; Win64; x64) AppleWebKit/537.36 (KHTML, like Gecko) Chrome/75.0.3770.100 Safari/537.36"
[2019-07-12T10:24:49.996] [INFO] access - ::1 - - "GET /login HTTP/1.1" 200 59 "" "Mozilla/5.0 (Windows NT 10.0; Win64; x64) AppleWebKit/537.36 (KHTML, like Gecko) Chrome/75.0.3770.100 Safari/537.36"
[2019-07-12T10:24:50.052] [INFO] access - ::1 - - "GET /favicon.ico HTTP/1.1" 200 32 "http://localhost:3000/login" "Mozilla/5.0 (Windows NT 10.0; Win64; x64) AppleWebKit/537.36 (KHTML, like Gecko) Chrome/75.0.3770.100 Safari/537.36"
[2019-07-12T10:25:11.282] [INFO] access - ::1 - - "GET /login HTTP/1.1" 200 45 "" "Mozilla/5.0 (Windows NT 10.0; Win64; x64) AppleWebKit/537.36 (KHTML, like Gecko) Chrome/75.0.3770.100 Safari/537.36"
[2019-07-12T10:25:11.356] [INFO] access - ::1 - - "GET /favicon.ico HTTP/1.1" 200 32 "http://localhost:3000/login" "Mozilla/5.0 (Windows NT 10.0; Win64; x64) AppleWebKit/537.36 (KHTML, like Gecko) Chrome/75.0.3770.100 Safari/537.36"
[2019-07-12T10:25:13.592] [INFO] access - ::1 - - "GET /login HTTP/1.1" 200 45 "" "Mozilla/5.0 (Windows NT 10.0; Win64; x64) AppleWebKit/537.36 (KHTML, like Gecko) Chrome/75.0.3770.100 Safari/537.36"
[2019-07-12T10:25:13.646] [INFO] access - ::1 - - "GET /favicon.ico HTTP/1.1" 200 32 "http://localhost:3000/login" "Mozilla/5.0 (Windows NT 10.0; Win64; x64) AppleWebKit/537.36 (KHTML, like Gecko) Chrome/75.0.3770.100 Safari/537.36"
[2019-07-12T10:26:11.882] [INFO] access - ::1 - - "GET /login HTTP/1.1" 200 62 "" "Mozilla/5.0 (Windows NT 10.0; Win64; x64) AppleWebKit/537.36 (KHTML, like Gecko) Chrome/75.0.3770.100 Safari/537.36"
[2019-07-12T10:26:11.937] [INFO] access - ::1 - - "GET /favicon.ico HTTP/1.1" 200 32 "http://localhost:3000/login" "Mozilla/5.0 (Windows NT 10.0; Win64; x64) AppleWebKit/537.36 (KHTML, like Gecko) Chrome/75.0.3770.100 Safari/537.36"
[2019-07-12T10:26:15.146] [INFO] access - ::1 - - "GET / HTTP/1.1" 200 32 "" "Mozilla/5.0 (Windows NT 10.0; Win64; x64) AppleWebKit/537.36 (KHTML, like Gecko) Chrome/75.0.3770.100 Safari/537.36"
[2019-07-12T10:26:15.198] [INFO] access - ::1 - - "GET /favicon.ico HTTP/1.1" 200 32 "http://localhost:3000/" "Mozilla/5.0 (Windows NT 10.0; Win64; x64) AppleWebKit/537.36 (KHTML, like Gecko) Chrome/75.0.3770.100 Safari/537.36"
[2019-07-12T10:26:30.728] [INFO] access - ::1 - - "GET / HTTP/1.1" 200 32 "" "Mozilla/5.0 (Windows NT 10.0; Win64; x64) AppleWebKit/537.36 (KHTML, like Gecko) Chrome/75.0.3770.100 Safari/537.36"
[2019-07-12T10:26:30.782] [INFO] access - ::1 - - "GET /favicon.ico HTTP/1.1" 200 32 "http://localhost:3000/" "Mozilla/5.0 (Windows NT 10.0; Win64; x64) AppleWebKit/537.36 (KHTML, like Gecko) Chrome/75.0.3770.100 Safari/537.36"
[2019-07-12T10:26:32.961] [INFO] access - ::1 - - "GET / HTTP/1.1" 200 32 "" "Mozilla/5.0 (Windows NT 10.0; Win64; x64) AppleWebKit/537.36 (KHTML, like Gecko) Chrome/75.0.3770.100 Safari/537.36"
[2019-07-12T10:26:33.020] [INFO] access - ::1 - - "GET /favicon.ico HTTP/1.1" 200 32 "http://localhost:3000/" "Mozilla/5.0 (Windows NT 10.0; Win64; x64) AppleWebKit/537.36 (KHTML, like Gecko) Chrome/75.0.3770.100 Safari/537.36"
[2019-07-12T10:26:39.413] [INFO] access - ::1 - - "GET /login HTTP/1.1" 200 62 "" "Mozilla/5.0 (Windows NT 10.0; Win64; x64) AppleWebKit/537.36 (KHTML, like Gecko) Chrome/75.0.3770.100 Safari/537.36"
[2019-07-12T10:26:39.475] [INFO] access - ::1 - - "GET /favicon.ico HTTP/1.1" 200 32 "http://localhost:3000/login" "Mozilla/5.0 (Windows NT 10.0; Win64; x64) AppleWebKit/537.36 (KHTML, like Gecko) Chrome/75.0.3770.100 Safari/537.36"
[2019-07-12T10:27:03.034] [INFO] access - ::1 - - "GET /login HTTP/1.1" 200 62 "" "Mozilla/5.0 (Windows NT 10.0; Win64; x64) AppleWebKit/537.36 (KHTML, like Gecko) Chrome/75.0.3770.100 Safari/537.36"
[2019-07-12T10:27:03.093] [INFO] access - ::1 - - "GET /favicon.ico HTTP/1.1" 200 32 "http://localhost:3000/login" "Mozilla/5.0 (Windows NT 10.0; Win64; x64) AppleWebKit/537.36 (KHTML, like Gecko) Chrome/75.0.3770.100 Safari/537.36"
[2019-07-12T10:27:30.809] [INFO] access - ::1 - - "GET /login HTTP/1.1" 200 62 "" "Mozilla/5.0 (Windows NT 10.0; Win64; x64) AppleWebKit/537.36 (KHTML, like Gecko) Chrome/75.0.3770.100 Safari/537.36"
[2019-07-12T10:27:30.859] [INFO] access - ::1 - - "GET /favicon.ico HTTP/1.1" 200 32 "http://localhost:3000/login" "Mozilla/5.0 (Windows NT 10.0; Win64; x64) AppleWebKit/537.36 (KHTML, like Gecko) Chrome/75.0.3770.100 Safari/537.36"
[2019-07-12T10:27:33.870] [INFO] access - ::1 - - "GET /test HTTP/1.1" 200 32 "" "Mozilla/5.0 (Windows NT 10.0; Win64; x64) AppleWebKit/537.36 (KHTML, like Gecko) Chrome/75.0.3770.100 Safari/537.36"
[2019-07-12T10:27:33.922] [INFO] access - ::1 - - "GET /favicon.ico HTTP/1.1" 200 32 "http://localhost:3000/test" "Mozilla/5.0 (Windows NT 10.0; Win64; x64) AppleWebKit/537.36 (KHTML, like Gecko) Chrome/75.0.3770.100 Safari/537.36"
[2019-07-12T10:27:46.128] [INFO] access - ::1 - - "GET /test HTTP/1.1" 200 41 "" "Mozilla/5.0 (Windows NT 10.0; Win64; x64) AppleWebKit/537.36 (KHTML, like Gecko) Chrome/75.0.3770.100 Safari/537.36"
[2019-07-12T10:27:46.198] [INFO] access - ::1 - - "GET /favicon.ico HTTP/1.1" 200 32 "http://localhost:3000/test" "Mozilla/5.0 (Windows NT 10.0; Win64; x64) AppleWebKit/537.36 (KHTML, like Gecko) Chrome/75.0.3770.100 Safari/537.36"
[2019-07-12T10:27:48.904] [INFO] access - ::1 - - "GET /test HTTP/1.1" 200 41 "" "Mozilla/5.0 (Windows NT 10.0; Win64; x64) AppleWebKit/537.36 (KHTML, like Gecko) Chrome/75.0.3770.100 Safari/537.36"
[2019-07-12T10:27:48.955] [INFO] access - ::1 - - "GET /favicon.ico HTTP/1.1" 200 32 "http://localhost:3000/test" "Mozilla/5.0 (Windows NT 10.0; Win64; x64) AppleWebKit/537.36 (KHTML, like Gecko) Chrome/75.0.3770.100 Safari/537.36"
[2019-07-12T10:30:05.343] [INFO] access - ::1 - - "GET /test HTTP/1.1" 200 41 "" "Mozilla/5.0 (Windows NT 10.0; Win64; x64) AppleWebKit/537.36 (KHTML, like Gecko) Chrome/75.0.3770.100 Safari/537.36"
[2019-07-12T10:30:05.399] [INFO] access - ::1 - - "GET /favicon.ico HTTP/1.1" 200 32 "http://localhost:3000/test" "Mozilla/5.0 (Windows NT 10.0; Win64; x64) AppleWebKit/537.36 (KHTML, like Gecko) Chrome/75.0.3770.100 Safari/537.36"
[2019-07-12T10:30:08.009] [INFO] access - ::1 - - "GET / HTTP/1.1" 200 32 "" "Mozilla/5.0 (Windows NT 10.0; Win64; x64) AppleWebKit/537.36 (KHTML, like Gecko) Chrome/75.0.3770.100 Safari/537.36"
[2019-07-12T10:30:08.066] [INFO] access - ::1 - - "GET /favicon.ico HTTP/1.1" 200 32 "http://localhost:3000/" "Mozilla/5.0 (Windows NT 10.0; Win64; x64) AppleWebKit/537.36 (KHTML, like Gecko) Chrome/75.0.3770.100 Safari/537.36"
[2019-07-12T10:30:11.209] [INFO] access - ::1 - - "GET /login HTTP/1.1" 200 62 "" "Mozilla/5.0 (Windows NT 10.0; Win64; x64) AppleWebKit/537.36 (KHTML, like Gecko) Chrome/75.0.3770.100 Safari/537.36"
[2019-07-12T10:30:11.263] [INFO] access - ::1 - - "GET /favicon.ico HTTP/1.1" 200 32 "http://localhost:3000/login" "Mozilla/5.0 (Windows NT 10.0; Win64; x64) AppleWebKit/537.36 (KHTML, like Gecko) Chrome/75.0.3770.100 Safari/537.36"
[2019-07-12T10:30:12.647] [INFO] access - ::1 - - "GET /login HTTP/1.1" 200 62 "" "Mozilla/5.0 (Windows NT 10.0; Win64; x64) AppleWebKit/537.36 (KHTML, like Gecko) Chrome/75.0.3770.100 Safari/537.36"
[2019-07-12T10:30:12.698] [INFO] access - ::1 - - "GET /favicon.ico HTTP/1.1" 200 32 "http://localhost:3000/login" "Mozilla/5.0 (Windows NT 10.0; Win64; x64) AppleWebKit/537.36 (KHTML, like Gecko) Chrome/75.0.3770.100 Safari/537.36"
[2019-07-12T10:30:15.423] [INFO] access - ::1 - - "GET /login HTTP/1.1" 200 62 "" "Mozilla/5.0 (Windows NT 10.0; Win64; x64) AppleWebKit/537.36 (KHTML, like Gecko) Chrome/75.0.3770.100 Safari/537.36"
[2019-07-12T10:30:15.590] [INFO] access - ::1 - - "GET /favicon.ico HTTP/1.1" 200 32 "http://localhost:3000/login" "Mozilla/5.0 (Windows NT 10.0; Win64; x64) AppleWebKit/537.36 (KHTML, like Gecko) Chrome/75.0.3770.100 Safari/537.36"
[2019-07-12T10:30:54.197] [INFO] access - ::1 - - "GET /login HTTP/1.1" 200 48 "" "Mozilla/5.0 (Windows NT 10.0; Win64; x64) AppleWebKit/537.36 (KHTML, like Gecko) Chrome/75.0.3770.100 Safari/537.36"
[2019-07-12T10:30:54.260] [INFO] access - ::1 - - "GET /favicon.ico HTTP/1.1" 200 32 "http://localhost:3000/login" "Mozilla/5.0 (Windows NT 10.0; Win64; x64) AppleWebKit/537.36 (KHTML, like Gecko) Chrome/75.0.3770.100 Safari/537.36"
[2019-07-12T10:30:54.589] [INFO] access - ::1 - - "GET /login HTTP/1.1" 200 48 "" "Mozilla/5.0 (Windows NT 10.0; Win64; x64) AppleWebKit/537.36 (KHTML, like Gecko) Chrome/75.0.3770.100 Safari/537.36"
[2019-07-12T10:30:54.640] [INFO] access - ::1 - - "GET /favicon.ico HTTP/1.1" 200 32 "http://localhost:3000/login" "Mozilla/5.0 (Windows NT 10.0; Win64; x64) AppleWebKit/537.36 (KHTML, like Gecko) Chrome/75.0.3770.100 Safari/537.36"
[2019-07-12T10:30:54.815] [INFO] access - ::1 - - "GET /login HTTP/1.1" 200 48 "" "Mozilla/5.0 (Windows NT 10.0; Win64; x64) AppleWebKit/537.36 (KHTML, like Gecko) Chrome/75.0.3770.100 Safari/537.36"
[2019-07-12T10:30:54.864] [INFO] access - ::1 - - "GET /favicon.ico HTTP/1.1" 200 32 "http://localhost:3000/login" "Mozilla/5.0 (Windows NT 10.0; Win64; x64) AppleWebKit/537.36 (KHTML, like Gecko) Chrome/75.0.3770.100 Safari/537.36"
[2019-07-12T10:30:54.972] [INFO] access - ::1 - - "GET /login HTTP/1.1" 200 48 "" "Mozilla/5.0 (Windows NT 10.0; Win64; x64) AppleWebKit/537.36 (KHTML, like Gecko) Chrome/75.0.3770.100 Safari/537.36"
[2019-07-12T10:30:55.022] [INFO] access - ::1 - - "GET /favicon.ico HTTP/1.1" 200 32 "http://localhost:3000/login" "Mozilla/5.0 (Windows NT 10.0; Win64; x64) AppleWebKit/537.36 (KHTML, like Gecko) Chrome/75.0.3770.100 Safari/537.36"
[2019-07-12T10:30:55.125] [INFO] access - ::1 - - "GET /login HTTP/1.1" 200 48 "" "Mozilla/5.0 (Windows NT 10.0; Win64; x64) AppleWebKit/537.36 (KHTML, like Gecko) Chrome/75.0.3770.100 Safari/537.36"
[2019-07-12T10:30:55.173] [INFO] access - ::1 - - "GET /favicon.ico HTTP/1.1" 200 32 "http://localhost:3000/login" "Mozilla/5.0 (Windows NT 10.0; Win64; x64) AppleWebKit/537.36 (KHTML, like Gecko) Chrome/75.0.3770.100 Safari/537.36"
[2019-07-12T10:30:55.373] [INFO] access - ::1 - - "GET /login HTTP/1.1" 200 48 "" "Mozilla/5.0 (Windows NT 10.0; Win64; x64) AppleWebKit/537.36 (KHTML, like Gecko) Chrome/75.0.3770.100 Safari/537.36"
[2019-07-12T10:30:55.424] [INFO] access - ::1 - - "GET /favicon.ico HTTP/1.1" 200 32 "http://localhost:3000/login" "Mozilla/5.0 (Windows NT 10.0; Win64; x64) AppleWebKit/537.36 (KHTML, like Gecko) Chrome/75.0.3770.100 Safari/537.36"
[2019-07-12T10:30:55.534] [INFO] access - ::1 - - "GET /login HTTP/1.1" 200 48 "" "Mozilla/5.0 (Windows NT 10.0; Win64; x64) AppleWebKit/537.36 (KHTML, like Gecko) Chrome/75.0.3770.100 Safari/537.36"
[2019-07-12T10:30:55.588] [INFO] access - ::1 - - "GET /favicon.ico HTTP/1.1" 200 32 "http://localhost:3000/login" "Mozilla/5.0 (Windows NT 10.0; Win64; x64) AppleWebKit/537.36 (KHTML, like Gecko) Chrome/75.0.3770.100 Safari/537.36"
[2019-07-12T10:30:55.685] [INFO] access - ::1 - - "GET /login HTTP/1.1" 200 48 "" "Mozilla/5.0 (Windows NT 10.0; Win64; x64) AppleWebKit/537.36 (KHTML, like Gecko) Chrome/75.0.3770.100 Safari/537.36"
[2019-07-12T10:30:55.733] [INFO] access - ::1 - - "GET /favicon.ico HTTP/1.1" 200 32 "http://localhost:3000/login" "Mozilla/5.0 (Windows NT 10.0; Win64; x64) AppleWebKit/537.36 (KHTML, like Gecko) Chrome/75.0.3770.100 Safari/537.36"
[2019-07-12T10:30:55.862] [INFO] access - ::1 - - "GET /login HTTP/1.1" 200 48 "" "Mozilla/5.0 (Windows NT 10.0; Win64; x64) AppleWebKit/537.36 (KHTML, like Gecko) Chrome/75.0.3770.100 Safari/537.36"
[2019-07-12T10:30:55.907] [INFO] access - ::1 - - "GET /favicon.ico HTTP/1.1" 200 32 "http://localhost:3000/login" "Mozilla/5.0 (Windows NT 10.0; Win64; x64) AppleWebKit/537.36 (KHTML, like Gecko) Chrome/75.0.3770.100 Safari/537.36"
[2019-07-12T10:30:56.030] [INFO] access - ::1 - - "GET /login HTTP/1.1" 200 48 "" "Mozilla/5.0 (Windows NT 10.0; Win64; x64) AppleWebKit/537.36 (KHTML, like Gecko) Chrome/75.0.3770.100 Safari/537.36"
[2019-07-12T10:30:56.078] [INFO] access - ::1 - - "GET /favicon.ico HTTP/1.1" 200 32 "http://localhost:3000/login" "Mozilla/5.0 (Windows NT 10.0; Win64; x64) AppleWebKit/537.36 (KHTML, like Gecko) Chrome/75.0.3770.100 Safari/537.36"
[2019-07-12T10:30:56.205] [INFO] access - ::1 - - "GET /login HTTP/1.1" 200 48 "" "Mozilla/5.0 (Windows NT 10.0; Win64; x64) AppleWebKit/537.36 (KHTML, like Gecko) Chrome/75.0.3770.100 Safari/537.36"
[2019-07-12T10:30:56.250] [INFO] access - ::1 - - "GET /favicon.ico HTTP/1.1" 200 32 "http://localhost:3000/login" "Mozilla/5.0 (Windows NT 10.0; Win64; x64) AppleWebKit/537.36 (KHTML, like Gecko) Chrome/75.0.3770.100 Safari/537.36"
[2019-07-12T10:30:56.381] [INFO] access - ::1 - - "GET /login HTTP/1.1" 200 48 "" "Mozilla/5.0 (Windows NT 10.0; Win64; x64) AppleWebKit/537.36 (KHTML, like Gecko) Chrome/75.0.3770.100 Safari/537.36"
[2019-07-12T10:30:56.429] [INFO] access - ::1 - - "GET /favicon.ico HTTP/1.1" 200 32 "http://localhost:3000/login" "Mozilla/5.0 (Windows NT 10.0; Win64; x64) AppleWebKit/537.36 (KHTML, like Gecko) Chrome/75.0.3770.100 Safari/537.36"
[2019-07-12T10:30:56.518] [INFO] access - ::1 - - "GET /login HTTP/1.1" 200 48 "" "Mozilla/5.0 (Windows NT 10.0; Win64; x64) AppleWebKit/537.36 (KHTML, like Gecko) Chrome/75.0.3770.100 Safari/537.36"
[2019-07-12T10:30:56.567] [INFO] access - ::1 - - "GET /favicon.ico HTTP/1.1" 200 32 "http://localhost:3000/login" "Mozilla/5.0 (Windows NT 10.0; Win64; x64) AppleWebKit/537.36 (KHTML, like Gecko) Chrome/75.0.3770.100 Safari/537.36"
[2019-07-12T10:30:56.670] [INFO] access - ::1 - - "GET /login HTTP/1.1" 200 48 "" "Mozilla/5.0 (Windows NT 10.0; Win64; x64) AppleWebKit/537.36 (KHTML, like Gecko) Chrome/75.0.3770.100 Safari/537.36"
[2019-07-12T10:30:56.716] [INFO] access - ::1 - - "GET /favicon.ico HTTP/1.1" 200 32 "http://localhost:3000/login" "Mozilla/5.0 (Windows NT 10.0; Win64; x64) AppleWebKit/537.36 (KHTML, like Gecko) Chrome/75.0.3770.100 Safari/537.36"
[2019-07-12T10:30:57.957] [INFO] access - ::1 - - "GET /login HTTP/1.1" 200 48 "" "Mozilla/5.0 (Windows NT 10.0; Win64; x64) AppleWebKit/537.36 (KHTML, like Gecko) Chrome/75.0.3770.100 Safari/537.36"
[2019-07-12T10:30:58.006] [INFO] access - ::1 - - "GET /favicon.ico HTTP/1.1" 200 32 "http://localhost:3000/login" "Mozilla/5.0 (Windows NT 10.0; Win64; x64) AppleWebKit/537.36 (KHTML, like Gecko) Chrome/75.0.3770.100 Safari/537.36"
[2019-07-12T10:30:58.087] [INFO] access - ::1 - - "GET /login HTTP/1.1" 200 48 "" "Mozilla/5.0 (Windows NT 10.0; Win64; x64) AppleWebKit/537.36 (KHTML, like Gecko) Chrome/75.0.3770.100 Safari/537.36"
[2019-07-12T10:30:58.135] [INFO] access - ::1 - - "GET /favicon.ico HTTP/1.1" 200 32 "http://localhost:3000/login" "Mozilla/5.0 (Windows NT 10.0; Win64; x64) AppleWebKit/537.36 (KHTML, like Gecko) Chrome/75.0.3770.100 Safari/537.36"
[2019-07-12T10:31:15.889] [INFO] access - ::1 - - "GET /login?username=zzc&pwd=123 HTTP/1.1" 200 45 "" "Mozilla/5.0 (Windows NT 10.0; Win64; x64) AppleWebKit/537.36 (KHTML, like Gecko) Chrome/75.0.3770.100 Safari/537.36"
[2019-07-12T10:31:15.949] [INFO] access - ::1 - - "GET /favicon.ico HTTP/1.1" 200 32 "http://localhost:3000/login?username=zzc&pwd=123" "Mozilla/5.0 (Windows NT 10.0; Win64; x64) AppleWebKit/537.36 (KHTML, like Gecko) Chrome/75.0.3770.100 Safari/537.36"
[2019-07-12T10:31:18.784] [INFO] access - ::1 - - "GET /login?username=zzc&psd=123 HTTP/1.1" 404 - "" "Mozilla/5.0 (Windows NT 10.0; Win64; x64) AppleWebKit/537.36 (KHTML, like Gecko) Chrome/75.0.3770.100 Safari/537.36"
[2019-07-12T10:31:18.840] [INFO] access - ::1 - - "GET /favicon.ico HTTP/1.1" 200 32 "http://localhost:3000/login?username=zzc&psd=123" "Mozilla/5.0 (Windows NT 10.0; Win64; x64) AppleWebKit/537.36 (KHTML, like Gecko) Chrome/75.0.3770.100 Safari/537.36"
[2019-07-12T10:32:02.833] [INFO] access - ::1 - - "GET /login?username=zzc&psd=123 HTTP/1.1" 404 - "" "Mozilla/5.0 (Windows NT 10.0; Win64; x64) AppleWebKit/537.36 (KHTML, like Gecko) Chrome/75.0.3770.100 Safari/537.36"
[2019-07-12T10:32:02.895] [INFO] access - ::1 - - "GET /favicon.ico HTTP/1.1" 200 32 "http://localhost:3000/login?username=zzc&psd=123" "Mozilla/5.0 (Windows NT 10.0; Win64; x64) AppleWebKit/537.36 (KHTML, like Gecko) Chrome/75.0.3770.100 Safari/537.36"
[2019-07-12T10:33:38.028] [INFO] access - ::1 - - "GET /login?username=zzc&psd=123 HTTP/1.1" 404 - "" "Mozilla/5.0 (Windows NT 10.0; Win64; x64) AppleWebKit/537.36 (KHTML, like Gecko) Chrome/75.0.3770.100 Safari/537.36"
[2019-07-12T10:33:38.087] [INFO] access - ::1 - - "GET /favicon.ico HTTP/1.1" 200 32 "http://localhost:3000/login?username=zzc&psd=123" "Mozilla/5.0 (Windows NT 10.0; Win64; x64) AppleWebKit/537.36 (KHTML, like Gecko) Chrome/75.0.3770.100 Safari/537.36"
[2019-07-12T10:39:26.815] [INFO] access - ::1 - - "GET /login?username=zzc&psd=123 HTTP/1.1" 404 - "" "Mozilla/5.0 (Windows NT 10.0; Win64; x64) AppleWebKit/537.36 (KHTML, like Gecko) Chrome/75.0.3770.100 Safari/537.36"
[2019-07-12T10:39:26.894] [INFO] access - ::1 - - "GET /favicon.ico HTTP/1.1" 200 32 "http://localhost:3000/login?username=zzc&psd=123" "Mozilla/5.0 (Windows NT 10.0; Win64; x64) AppleWebKit/537.36 (KHTML, like Gecko) Chrome/75.0.3770.100 Safari/537.36"
[2019-07-12T10:39:50.741] [INFO] access - ::1 - - "GET /login?username=zzc&psd=123 HTTP/1.1" 404 - "" "Mozilla/5.0 (Windows NT 10.0; Win64; x64) AppleWebKit/537.36 (KHTML, like Gecko) Chrome/75.0.3770.100 Safari/537.36"
[2019-07-12T10:39:50.812] [INFO] access - ::1 - - "GET /favicon.ico HTTP/1.1" 200 32 "http://localhost:3000/login?username=zzc&psd=123" "Mozilla/5.0 (Windows NT 10.0; Win64; x64) AppleWebKit/537.36 (KHTML, like Gecko) Chrome/75.0.3770.100 Safari/537.36"
[2019-07-12T10:40:08.275] [INFO] access - ::1 - - "GET /login?username=zzc&psd=123 HTTP/1.1" 404 - "" "Mozilla/5.0 (Windows NT 10.0; Win64; x64) AppleWebKit/537.36 (KHTML, like Gecko) Chrome/75.0.3770.100 Safari/537.36"
[2019-07-12T10:40:08.342] [INFO] access - ::1 - - "GET /favicon.ico HTTP/1.1" 200 32 "http://localhost:3000/login?username=zzc&psd=123" "Mozilla/5.0 (Windows NT 10.0; Win64; x64) AppleWebKit/537.36 (KHTML, like Gecko) Chrome/75.0.3770.100 Safari/537.36"
[2019-07-12T10:44:43.324] [INFO] access - ::1 - - "GET /login?username=zzc&psd=123 HTTP/1.1" 404 - "" "Mozilla/5.0 (Windows NT 10.0; Win64; x64) AppleWebKit/537.36 (KHTML, like Gecko) Chrome/75.0.3770.100 Safari/537.36"
[2019-07-12T10:44:55.980] [INFO] access - ::ffff:127.0.0.1 - - "GET /login?username=zzc&psd=123 HTTP/1.1" 404 - "" "Mozilla/5.0 (Windows NT 10.0; Win64; x64) AppleWebKit/537.36 (KHTML, like Gecko) Chrome/75.0.3770.100 Safari/537.36"
[2019-07-12T10:49:17.684] [INFO] access - ::1 - - "GET /login?username=zzc&psd=123 HTTP/1.1" 404 - "" "Mozilla/5.0 (Windows NT 10.0; Win64; x64) AppleWebKit/537.36 (KHTML, like Gecko) Chrome/75.0.3770.100 Safari/537.36"
[2019-07-12T10:51:56.050] [INFO] access - ::1 - - "GET /login?username=zzc&psd=123 HTTP/1.1" 404 - "" "Mozilla/5.0 (Windows NT 10.0; Win64; x64) AppleWebKit/537.36 (KHTML, like Gecko) Chrome/75.0.3770.100 Safari/537.36"
[2019-07-12T10:52:42.167] [INFO] access - ::1 - - "GET /login?username=zzc&psd=123 HTTP/1.1" 404 - "" "Mozilla/5.0 (Windows NT 10.0; Win64; x64) AppleWebKit/537.36 (KHTML, like Gecko) Chrome/75.0.3770.100 Safari/537.36"
[2019-07-12T10:54:13.561] [INFO] access - ::1 - - "GET /login?username=zzc&psd=123 HTTP/1.1" 404 - "" "Mozilla/5.0 (Windows NT 10.0; Win64; x64) AppleWebKit/537.36 (KHTML, like Gecko) Chrome/75.0.3770.100 Safari/537.36"
[2019-07-12T10:54:38.506] [INFO] access - ::1 - - "GET /login?username=zzc&psd=123 HTTP/1.1" 404 - "" "Mozilla/5.0 (Windows NT 10.0; Win64; x64) AppleWebKit/537.36 (KHTML, like Gecko) Chrome/75.0.3770.100 Safari/537.36"
[2019-07-12T10:57:03.140] [INFO] access - ::1 - - "GET /login?username=zzc&psd=123 HTTP/1.1" 404 - "" "Mozilla/5.0 (Windows NT 10.0; Win64; x64) AppleWebKit/537.36 (KHTML, like Gecko) Chrome/75.0.3770.100 Safari/537.36"
[2019-07-12T10:59:52.224] [INFO] access - ::1 - - "GET /login?username=zzc&psd=123 HTTP/1.1" 404 - "" "Mozilla/5.0 (Windows NT 10.0; Win64; x64) AppleWebKit/537.36 (KHTML, like Gecko) Chrome/75.0.3770.100 Safari/537.36"
[2019-07-12T11:00:46.641] [INFO] access - ::1 - - "GET /login?username=zzc&psd=123 HTTP/1.1" 404 - "" "Mozilla/5.0 (Windows NT 10.0; Win64; x64) AppleWebKit/537.36 (KHTML, like Gecko) Chrome/75.0.3770.100 Safari/537.36"
[2019-07-12T11:00:46.701] [INFO] access - ::1 - - "GET /favicon.ico HTTP/1.1" 200 32 "http://localhost:3000/login?username=zzc&psd=123" "Mozilla/5.0 (Windows NT 10.0; Win64; x64) AppleWebKit/537.36 (KHTML, like Gecko) Chrome/75.0.3770.100 Safari/537.36"
[2019-07-12T11:08:16.669] [INFO] access - ::1 - - "GET /login?username=zzc&psd=123 HTTP/1.1" 404 - "" "Mozilla/5.0 (Windows NT 10.0; Win64; x64) AppleWebKit/537.36 (KHTML, like Gecko) Chrome/75.0.3770.100 Safari/537.36"
[2019-07-12T11:08:16.724] [INFO] access - ::1 - - "GET /favicon.ico HTTP/1.1" 200 32 "http://localhost:3000/login?username=zzc&psd=123" "Mozilla/5.0 (Windows NT 10.0; Win64; x64) AppleWebKit/537.36 (KHTML, like Gecko) Chrome/75.0.3770.100 Safari/537.36"
[2019-07-12T11:09:08.106] [INFO] access - ::1 - - "GET /login?username=zzc&psd=123 HTTP/1.1" 404 - "" "Mozilla/5.0 (Windows NT 10.0; Win64; x64) AppleWebKit/537.36 (KHTML, like Gecko) Chrome/75.0.3770.100 Safari/537.36"
[2019-07-12T11:09:08.164] [INFO] access - ::1 - - "GET /favicon.ico HTTP/1.1" 200 32 "http://localhost:3000/login?username=zzc&psd=123" "Mozilla/5.0 (Windows NT 10.0; Win64; x64) AppleWebKit/537.36 (KHTML, like Gecko) Chrome/75.0.3770.100 Safari/537.36"
[2019-07-12T11:13:07.130] [INFO] access - ::1 - - "GET /login?username=zzc&psd=123 HTTP/1.1" 404 - "" "Mozilla/5.0 (Windows NT 10.0; Win64; x64) AppleWebKit/537.36 (KHTML, like Gecko) Chrome/75.0.3770.100 Safari/537.36"
[2019-07-12T11:13:07.185] [INFO] access - ::1 - - "GET /favicon.ico HTTP/1.1" 200 32 "http://localhost:3000/login?username=zzc&psd=123" "Mozilla/5.0 (Windows NT 10.0; Win64; x64) AppleWebKit/537.36 (KHTML, like Gecko) Chrome/75.0.3770.100 Safari/537.36"
[2019-07-12T11:14:23.296] [INFO] access - ::1 - - "GET /login?username=zzc&psd=123 HTTP/1.1" 404 - "" "Mozilla/5.0 (Windows NT 10.0; Win64; x64) AppleWebKit/537.36 (KHTML, like Gecko) Chrome/75.0.3770.100 Safari/537.36"
[2019-07-12T11:14:23.349] [INFO] access - ::1 - - "GET /favicon.ico HTTP/1.1" 200 32 "http://localhost:3000/login?username=zzc&psd=123" "Mozilla/5.0 (Windows NT 10.0; Win64; x64) AppleWebKit/537.36 (KHTML, like Gecko) Chrome/75.0.3770.100 Safari/537.36"
[2019-07-12T11:15:01.878] [INFO] access - ::1 - - "GET /login?username=zzc&psd=123 HTTP/1.1" 404 - "" "Mozilla/5.0 (Windows NT 10.0; Win64; x64) AppleWebKit/537.36 (KHTML, like Gecko) Chrome/75.0.3770.100 Safari/537.36"
[2019-07-12T11:15:01.943] [INFO] access - ::1 - - "GET /favicon.ico HTTP/1.1" 200 32 "http://localhost:3000/login?username=zzc&psd=123" "Mozilla/5.0 (Windows NT 10.0; Win64; x64) AppleWebKit/537.36 (KHTML, like Gecko) Chrome/75.0.3770.100 Safari/537.36"
[2019-07-12T11:15:28.815] [INFO] access - ::1 - - "GET /login?username=zzc&psd=123 HTTP/1.1" 404 - "" "Mozilla/5.0 (Windows NT 10.0; Win64; x64) AppleWebKit/537.36 (KHTML, like Gecko) Chrome/75.0.3770.100 Safari/537.36"
[2019-07-12T11:15:28.870] [INFO] access - ::1 - - "GET /favicon.ico HTTP/1.1" 200 32 "http://localhost:3000/login?username=zzc&psd=123" "Mozilla/5.0 (Windows NT 10.0; Win64; x64) AppleWebKit/537.36 (KHTML, like Gecko) Chrome/75.0.3770.100 Safari/537.36"
[2019-07-12T11:15:36.454] [INFO] access - ::1 - - "GET /login?username=zzc&psd=123 HTTP/1.1" 404 - "" "Mozilla/5.0 (Windows NT 10.0; Win64; x64) AppleWebKit/537.36 (KHTML, like Gecko) Chrome/75.0.3770.100 Safari/537.36"
[2019-07-12T11:15:36.510] [INFO] access - ::1 - - "GET /favicon.ico HTTP/1.1" 200 32 "http://localhost:3000/login?username=zzc&psd=123" "Mozilla/5.0 (Windows NT 10.0; Win64; x64) AppleWebKit/537.36 (KHTML, like Gecko) Chrome/75.0.3770.100 Safari/537.36"
[2019-07-12T11:16:05.614] [INFO] access - ::1 - - "GET /login?username=zzc&psd=123 HTTP/1.1" 404 - "" "Mozilla/5.0 (Windows NT 10.0; Win64; x64) AppleWebKit/537.36 (KHTML, like Gecko) Chrome/75.0.3770.100 Safari/537.36"
[2019-07-12T11:16:05.672] [INFO] access - ::1 - - "GET /favicon.ico HTTP/1.1" 200 32 "http://localhost:3000/login?username=zzc&psd=123" "Mozilla/5.0 (Windows NT 10.0; Win64; x64) AppleWebKit/537.36 (KHTML, like Gecko) Chrome/75.0.3770.100 Safari/537.36"
[2019-07-12T11:16:21.747] [INFO] access - ::1 - - "GET /login?username=zzc&psd=123 HTTP/1.1" 404 - "" "Mozilla/5.0 (Windows NT 10.0; Win64; x64) AppleWebKit/537.36 (KHTML, like Gecko) Chrome/75.0.3770.100 Safari/537.36"
[2019-07-12T11:16:21.830] [INFO] access - ::1 - - "GET /favicon.ico HTTP/1.1" 200 32 "http://localhost:3000/login?username=zzc&psd=123" "Mozilla/5.0 (Windows NT 10.0; Win64; x64) AppleWebKit/537.36 (KHTML, like Gecko) Chrome/75.0.3770.100 Safari/537.36"
[2019-07-12T11:16:32.066] [INFO] access - ::1 - - "GET /login?username=zzc&psd=123 HTTP/1.1" 404 - "" "Mozilla/5.0 (Windows NT 10.0; Win64; x64) AppleWebKit/537.36 (KHTML, like Gecko) Chrome/75.0.3770.100 Safari/537.36"
[2019-07-12T11:16:32.128] [INFO] access - ::1 - - "GET /favicon.ico HTTP/1.1" 200 32 "http://localhost:3000/login?username=zzc&psd=123" "Mozilla/5.0 (Windows NT 10.0; Win64; x64) AppleWebKit/537.36 (KHTML, like Gecko) Chrome/75.0.3770.100 Safari/537.36"
[2019-07-12T11:21:04.580] [INFO] access - ::1 - - "GET /login?username=zzc&psd=123 HTTP/1.1" 404 - "" "Mozilla/5.0 (Windows NT 10.0; Win64; x64) AppleWebKit/537.36 (KHTML, like Gecko) Chrome/75.0.3770.100 Safari/537.36"
[2019-07-12T11:21:04.644] [INFO] access - ::1 - - "GET /favicon.ico HTTP/1.1" 200 32 "http://localhost:3000/login?username=zzc&psd=123" "Mozilla/5.0 (Windows NT 10.0; Win64; x64) AppleWebKit/537.36 (KHTML, like Gecko) Chrome/75.0.3770.100 Safari/537.36"
[2019-07-12T11:22:08.572] [INFO] access - ::1 - - "GET /login?username=zzc&psd=123 HTTP/1.1" 404 - "" "Mozilla/5.0 (Windows NT 10.0; Win64; x64) AppleWebKit/537.36 (KHTML, like Gecko) Chrome/75.0.3770.100 Safari/537.36"
[2019-07-12T11:22:08.627] [INFO] access - ::1 - - "GET /favicon.ico HTTP/1.1" 200 32 "http://localhost:3000/login?username=zzc&psd=123" "Mozilla/5.0 (Windows NT 10.0; Win64; x64) AppleWebKit/537.36 (KHTML, like Gecko) Chrome/75.0.3770.100 Safari/537.36"
[2019-07-12T11:22:59.198] [INFO] access - ::1 - - "GET /login?username=zzc&psd=123 HTTP/1.1" 404 - "" "Mozilla/5.0 (Windows NT 10.0; Win64; x64) AppleWebKit/537.36 (KHTML, like Gecko) Chrome/75.0.3770.100 Safari/537.36"
[2019-07-12T11:22:59.258] [INFO] access - ::1 - - "GET /favicon.ico HTTP/1.1" 200 32 "http://localhost:3000/login?username=zzc&psd=123" "Mozilla/5.0 (Windows NT 10.0; Win64; x64) AppleWebKit/537.36 (KHTML, like Gecko) Chrome/75.0.3770.100 Safari/537.36"
[2019-07-12T11:23:03.834] [INFO] access - ::1 - - "GET /login?username=zzc&psd=123 HTTP/1.1" 404 - "" "Mozilla/5.0 (Windows NT 10.0; Win64; x64) AppleWebKit/537.36 (KHTML, like Gecko) Chrome/75.0.3770.100 Safari/537.36"
[2019-07-12T11:23:03.888] [INFO] access - ::1 - - "GET /favicon.ico HTTP/1.1" 200 32 "http://localhost:3000/login?username=zzc&psd=123" "Mozilla/5.0 (Windows NT 10.0; Win64; x64) AppleWebKit/537.36 (KHTML, like Gecko) Chrome/75.0.3770.100 Safari/537.36"
[2019-07-12T11:25:29.803] [INFO] access - ::1 - - "GET /login?username=zzc&psd=123 HTTP/1.1" 404 - "" "Mozilla/5.0 (Windows NT 10.0; Win64; x64) AppleWebKit/537.36 (KHTML, like Gecko) Chrome/75.0.3770.100 Safari/537.36"
[2019-07-12T11:25:29.866] [INFO] access - ::1 - - "GET /favicon.ico HTTP/1.1" 200 32 "http://localhost:3000/login?username=zzc&psd=123" "Mozilla/5.0 (Windows NT 10.0; Win64; x64) AppleWebKit/537.36 (KHTML, like Gecko) Chrome/75.0.3770.100 Safari/537.36"
[2019-07-12T11:27:27.656] [INFO] access - ::1 - - "GET /login?username=zzc&psd=123 HTTP/1.1" 404 - "" "Mozilla/5.0 (Windows NT 10.0; Win64; x64) AppleWebKit/537.36 (KHTML, like Gecko) Chrome/75.0.3770.100 Safari/537.36"
[2019-07-12T11:27:27.712] [INFO] access - ::1 - - "GET /favicon.ico HTTP/1.1" 200 32 "http://localhost:3000/login?username=zzc&psd=123" "Mozilla/5.0 (Windows NT 10.0; Win64; x64) AppleWebKit/537.36 (KHTML, like Gecko) Chrome/75.0.3770.100 Safari/537.36"
[2019-07-12T11:28:25.201] [INFO] access - ::1 - - "GET /login?username=zzc&psd=123 HTTP/1.1" 404 - "" "Mozilla/5.0 (Windows NT 10.0; Win64; x64) AppleWebKit/537.36 (KHTML, like Gecko) Chrome/75.0.3770.100 Safari/537.36"
[2019-07-12T11:28:25.259] [INFO] access - ::1 - - "GET /favicon.ico HTTP/1.1" 200 32 "http://localhost:3000/login?username=zzc&psd=123" "Mozilla/5.0 (Windows NT 10.0; Win64; x64) AppleWebKit/537.36 (KHTML, like Gecko) Chrome/75.0.3770.100 Safari/537.36"
[2019-07-12T11:28:57.482] [INFO] access - ::1 - - "GET /login?username=zzc&psd=123 HTTP/1.1" 404 - "" "Mozilla/5.0 (Windows NT 10.0; Win64; x64) AppleWebKit/537.36 (KHTML, like Gecko) Chrome/75.0.3770.100 Safari/537.36"
[2019-07-12T11:28:57.534] [INFO] access - ::1 - - "GET /favicon.ico HTTP/1.1" 200 32 "http://localhost:3000/login?username=zzc&psd=123" "Mozilla/5.0 (Windows NT 10.0; Win64; x64) AppleWebKit/537.36 (KHTML, like Gecko) Chrome/75.0.3770.100 Safari/537.36"
[2019-07-12T11:29:05.803] [INFO] access - ::1 - - "GET /login?username=zzc&psd=123 HTTP/1.1" 404 - "" "Mozilla/5.0 (Windows NT 10.0; Win64; x64) AppleWebKit/537.36 (KHTML, like Gecko) Chrome/75.0.3770.100 Safari/537.36"
[2019-07-12T11:29:05.861] [INFO] access - ::1 - - "GET /favicon.ico HTTP/1.1" 200 32 "http://localhost:3000/login?username=zzc&psd=123" "Mozilla/5.0 (Windows NT 10.0; Win64; x64) AppleWebKit/537.36 (KHTML, like Gecko) Chrome/75.0.3770.100 Safari/537.36"
[2019-07-12T11:30:50.976] [INFO] access - ::1 - - "GET /login?username=zzc&psd=123 HTTP/1.1" 404 - "" "Mozilla/5.0 (Windows NT 10.0; Win64; x64) AppleWebKit/537.36 (KHTML, like Gecko) Chrome/75.0.3770.100 Safari/537.36"
[2019-07-12T11:30:51.037] [INFO] access - ::1 - - "GET /favicon.ico HTTP/1.1" 200 32 "http://localhost:3000/login?username=zzc&psd=123" "Mozilla/5.0 (Windows NT 10.0; Win64; x64) AppleWebKit/537.36 (KHTML, like Gecko) Chrome/75.0.3770.100 Safari/537.36"
[2019-07-12T11:31:18.624] [INFO] access - ::1 - - "GET /login?username=zzc&psd=123 HTTP/1.1" 404 - "" "Mozilla/5.0 (Windows NT 10.0; Win64; x64) AppleWebKit/537.36 (KHTML, like Gecko) Chrome/75.0.3770.100 Safari/537.36"
[2019-07-12T11:31:18.681] [INFO] access - ::1 - - "GET /favicon.ico HTTP/1.1" 200 32 "http://localhost:3000/login?username=zzc&psd=123" "Mozilla/5.0 (Windows NT 10.0; Win64; x64) AppleWebKit/537.36 (KHTML, like Gecko) Chrome/75.0.3770.100 Safari/537.36"
[2019-07-12T11:32:22.818] [INFO] access - ::1 - - "GET /login?username=zzc HTTP/1.1" 200 45 "" "Mozilla/5.0 (Windows NT 10.0; Win64; x64) AppleWebKit/537.36 (KHTML, like Gecko) Chrome/75.0.3770.100 Safari/537.36"
[2019-07-12T11:32:22.882] [INFO] access - ::1 - - "GET /favicon.ico HTTP/1.1" 200 32 "http://localhost:3000/login?username=zzc" "Mozilla/5.0 (Windows NT 10.0; Win64; x64) AppleWebKit/537.36 (KHTML, like Gecko) Chrome/75.0.3770.100 Safari/537.36"
[2019-07-12T11:32:26.513] [INFO] access - ::1 - - "GET /login?username=zzc&psd=123 HTTP/1.1" 404 - "" "Mozilla/5.0 (Windows NT 10.0; Win64; x64) AppleWebKit/537.36 (KHTML, like Gecko) Chrome/75.0.3770.100 Safari/537.36"
[2019-07-12T11:32:26.568] [INFO] access - ::1 - - "GET /favicon.ico HTTP/1.1" 200 32 "http://localhost:3000/login?username=zzc&psd=123" "Mozilla/5.0 (Windows NT 10.0; Win64; x64) AppleWebKit/537.36 (KHTML, like Gecko) Chrome/75.0.3770.100 Safari/537.36"
[2019-07-12T11:33:48.698] [INFO] access - ::1 - - "GET /login?username=zzc&psd=123 HTTP/1.1" 404 - "" "Mozilla/5.0 (Windows NT 10.0; Win64; x64) AppleWebKit/537.36 (KHTML, like Gecko) Chrome/75.0.3770.100 Safari/537.36"
[2019-07-12T11:33:48.755] [INFO] access - ::1 - - "GET /favicon.ico HTTP/1.1" 200 32 "http://localhost:3000/login?username=zzc&psd=123" "Mozilla/5.0 (Windows NT 10.0; Win64; x64) AppleWebKit/537.36 (KHTML, like Gecko) Chrome/75.0.3770.100 Safari/537.36"
[2019-07-12T11:35:46.911] [INFO] access - ::1 - - "GET /login?username=zzc&psd=123 HTTP/1.1" 404 - "" "Mozilla/5.0 (Windows NT 10.0; Win64; x64) AppleWebKit/537.36 (KHTML, like Gecko) Chrome/75.0.3770.100 Safari/537.36"
[2019-07-12T11:35:46.969] [INFO] access - ::1 - - "GET /favicon.ico HTTP/1.1" 200 32 "http://localhost:3000/login?username=zzc&psd=123" "Mozilla/5.0 (Windows NT 10.0; Win64; x64) AppleWebKit/537.36 (KHTML, like Gecko) Chrome/75.0.3770.100 Safari/537.36"
[2019-07-12T11:36:44.423] [INFO] access - ::1 - - "GET /login?username=zzc&psd=123 HTTP/1.1" 200 57 "" "Mozilla/5.0 (Windows NT 10.0; Win64; x64) AppleWebKit/537.36 (KHTML, like Gecko) Chrome/75.0.3770.100 Safari/537.36"
[2019-07-12T11:36:44.514] [INFO] access - ::1 - - "GET /favicon.ico HTTP/1.1" 200 32 "http://localhost:3000/login?username=zzc&psd=123" "Mozilla/5.0 (Windows NT 10.0; Win64; x64) AppleWebKit/537.36 (KHTML, like Gecko) Chrome/75.0.3770.100 Safari/537.36"
[2019-07-12T11:38:36.430] [INFO] access - ::1 - - "GET /login?username=zzc&psd=123 HTTP/1.1" 404 - "" "Mozilla/5.0 (Windows NT 10.0; Win64; x64) AppleWebKit/537.36 (KHTML, like Gecko) Chrome/75.0.3770.100 Safari/537.36"
[2019-07-12T11:38:36.484] [INFO] access - ::1 - - "GET /favicon.ico HTTP/1.1" 200 32 "http://localhost:3000/login?username=zzc&psd=123" "Mozilla/5.0 (Windows NT 10.0; Win64; x64) AppleWebKit/537.36 (KHTML, like Gecko) Chrome/75.0.3770.100 Safari/537.36"
[2019-07-12T11:41:32.725] [INFO] access - ::1 - - "GET /login?username=zzc&psd=123 HTTP/1.1" 404 - "" "Mozilla/5.0 (Windows NT 10.0; Win64; x64) AppleWebKit/537.36 (KHTML, like Gecko) Chrome/75.0.3770.100 Safari/537.36"
[2019-07-12T11:41:32.782] [INFO] access - ::1 - - "GET /favicon.ico HTTP/1.1" 200 32 "http://localhost:3000/login?username=zzc&psd=123" "Mozilla/5.0 (Windows NT 10.0; Win64; x64) AppleWebKit/537.36 (KHTML, like Gecko) Chrome/75.0.3770.100 Safari/537.36"
[2019-07-12T11:43:06.300] [INFO] access - ::1 - - "GET /login?username=zzc&psd=123 HTTP/1.1" 404 - "" "Mozilla/5.0 (Windows NT 10.0; Win64; x64) AppleWebKit/537.36 (KHTML, like Gecko) Chrome/75.0.3770.100 Safari/537.36"
[2019-07-12T11:43:06.360] [INFO] access - ::1 - - "GET /favicon.ico HTTP/1.1" 200 32 "http://localhost:3000/login?username=zzc&psd=123" "Mozilla/5.0 (Windows NT 10.0; Win64; x64) AppleWebKit/537.36 (KHTML, like Gecko) Chrome/75.0.3770.100 Safari/537.36"
[2019-07-12T11:43:06.842] [INFO] access - ::1 - - "GET /login?username=zzc&psd=123 HTTP/1.1" 404 - "" "Mozilla/5.0 (Windows NT 10.0; Win64; x64) AppleWebKit/537.36 (KHTML, like Gecko) Chrome/75.0.3770.100 Safari/537.36"
[2019-07-12T11:43:06.890] [INFO] access - ::1 - - "GET /favicon.ico HTTP/1.1" 200 32 "http://localhost:3000/login?username=zzc&psd=123" "Mozilla/5.0 (Windows NT 10.0; Win64; x64) AppleWebKit/537.36 (KHTML, like Gecko) Chrome/75.0.3770.100 Safari/537.36"
[2019-07-12T11:43:09.698] [INFO] access - ::1 - - "GET /login?username=zzc&psd=123 HTTP/1.1" 404 - "" "Mozilla/5.0 (Windows NT 10.0; Win64; x64) AppleWebKit/537.36 (KHTML, like Gecko) Chrome/75.0.3770.100 Safari/537.36"
[2019-07-12T11:43:09.748] [INFO] access - ::1 - - "GET /favicon.ico HTTP/1.1" 200 32 "http://localhost:3000/login?username=zzc&psd=123" "Mozilla/5.0 (Windows NT 10.0; Win64; x64) AppleWebKit/537.36 (KHTML, like Gecko) Chrome/75.0.3770.100 Safari/537.36"
[2019-07-12T11:48:18.261] [INFO] access - ::1 - - "GET /login?username=zzc&psd=123 HTTP/1.1" 404 - "" "Mozilla/5.0 (Windows NT 10.0; Win64; x64) AppleWebKit/537.36 (KHTML, like Gecko) Chrome/75.0.3770.100 Safari/537.36"
[2019-07-12T11:48:18.314] [INFO] access - ::1 - - "GET /favicon.ico HTTP/1.1" 200 32 "http://localhost:3000/login?username=zzc&psd=123" "Mozilla/5.0 (Windows NT 10.0; Win64; x64) AppleWebKit/537.36 (KHTML, like Gecko) Chrome/75.0.3770.100 Safari/537.36"
[2019-07-12T11:57:59.088] [INFO] access - ::1 - - "GET /login?username=zzc&psd=123 HTTP/1.1" 404 - "" "Mozilla/5.0 (Windows NT 10.0; Win64; x64) AppleWebKit/537.36 (KHTML, like Gecko) Chrome/75.0.3770.100 Safari/537.36"
[2019-07-12T11:57:59.157] [INFO] access - ::1 - - "GET /favicon.ico HTTP/1.1" 200 32 "http://localhost:3000/login?username=zzc&psd=123" "Mozilla/5.0 (Windows NT 10.0; Win64; x64) AppleWebKit/537.36 (KHTML, like Gecko) Chrome/75.0.3770.100 Safari/537.36"
[2019-07-12T11:58:26.384] [INFO] access - ::1 - - "GET /login?username=zzc&psd=123 HTTP/1.1" 404 - "" "Mozilla/5.0 (Windows NT 10.0; Win64; x64) AppleWebKit/537.36 (KHTML, like Gecko) Chrome/75.0.3770.100 Safari/537.36"
[2019-07-12T11:58:26.441] [INFO] access - ::1 - - "GET /favicon.ico HTTP/1.1" 200 32 "http://localhost:3000/login?username=zzc&psd=123" "Mozilla/5.0 (Windows NT 10.0; Win64; x64) AppleWebKit/537.36 (KHTML, like Gecko) Chrome/75.0.3770.100 Safari/537.36"
[2019-07-12T11:58:26.988] [INFO] access - ::1 - - "GET /login?username=zzc&psd=123 HTTP/1.1" 404 - "" "Mozilla/5.0 (Windows NT 10.0; Win64; x64) AppleWebKit/537.36 (KHTML, like Gecko) Chrome/75.0.3770.100 Safari/537.36"
[2019-07-12T11:58:27.037] [INFO] access - ::1 - - "GET /favicon.ico HTTP/1.1" 200 32 "http://localhost:3000/login?username=zzc&psd=123" "Mozilla/5.0 (Windows NT 10.0; Win64; x64) AppleWebKit/537.36 (KHTML, like Gecko) Chrome/75.0.3770.100 Safari/537.36"
[2019-07-12T12:01:47.894] [INFO] access - ::1 - - "GET /login?username=zzc&psd=123 HTTP/1.1" 200 57 "" "Mozilla/5.0 (Windows NT 10.0; Win64; x64) AppleWebKit/537.36 (KHTML, like Gecko) Chrome/75.0.3770.100 Safari/537.36"
[2019-07-12T12:01:47.960] [INFO] access - ::1 - - "GET /favicon.ico HTTP/1.1" 200 32 "http://localhost:3000/login?username=zzc&psd=123" "Mozilla/5.0 (Windows NT 10.0; Win64; x64) AppleWebKit/537.36 (KHTML, like Gecko) Chrome/75.0.3770.100 Safari/537.36"
[2019-07-12T12:02:05.681] [INFO] access - ::1 - - "GET /login?username=zzc&psd=123456 HTTP/1.1" 200 41 "" "Mozilla/5.0 (Windows NT 10.0; Win64; x64) AppleWebKit/537.36 (KHTML, like Gecko) Chrome/75.0.3770.100 Safari/537.36"
[2019-07-12T12:02:05.769] [INFO] access - ::1 - - "GET /favicon.ico HTTP/1.1" 404 - "http://localhost:3000/login?username=zzc&psd=123456" "Mozilla/5.0 (Windows NT 10.0; Win64; x64) AppleWebKit/537.36 (KHTML, like Gecko) Chrome/75.0.3770.100 Safari/537.36"
[2019-07-12T12:04:23.998] [INFO] access - ::1 - - "GET /index HTTP/1.1" 404 - "" "Mozilla/5.0 (Windows NT 10.0; Win64; x64) AppleWebKit/537.36 (KHTML, like Gecko) Chrome/75.0.3770.100 Safari/537.36"
[2019-07-12T12:04:41.430] [INFO] access - ::1 - - "GET / HTTP/1.1" 200 35 "" "Mozilla/5.0 (Windows NT 10.0; Win64; x64) AppleWebKit/537.36 (KHTML, like Gecko) Chrome/75.0.3770.100 Safari/537.36"
[2019-07-12T12:16:20.004] [INFO] access - ::1 - - "GET / HTTP/1.1" 200 35 "" "Mozilla/5.0 (Windows NT 10.0; Win64; x64) AppleWebKit/537.36 (KHTML, like Gecko) Chrome/75.0.3770.100 Safari/537.36"
[2019-07-12T12:16:20.654] [INFO] access - ::1 - - "GET / HTTP/1.1" 200 35 "" "Mozilla/5.0 (Windows NT 10.0; Win64; x64) AppleWebKit/537.36 (KHTML, like Gecko) Chrome/75.0.3770.100 Safari/537.36"
[2019-07-12T12:16:27.750] [INFO] access - ::1 - - "GET / HTTP/1.1" 200 35 "" "Mozilla/5.0 (Windows NT 10.0; Win64; x64) AppleWebKit/537.36 (KHTML, like Gecko) Chrome/75.0.3770.100 Safari/537.36"
[2019-07-12T12:16:27.933] [INFO] access - ::1 - - "GET / HTTP/1.1" 200 35 "" "Mozilla/5.0 (Windows NT 10.0; Win64; x64) AppleWebKit/537.36 (KHTML, like Gecko) Chrome/75.0.3770.100 Safari/537.36"
[2019-07-12T12:17:00.830] [INFO] access - ::1 - - "GET / HTTP/1.1" 200 35 "" "Mozilla/5.0 (Windows NT 10.0; Win64; x64) AppleWebKit/537.36 (KHTML, like Gecko) Chrome/75.0.3770.100 Safari/537.36"
[2019-07-12T12:17:42.917] [INFO] access - ::1 - - "GET / HTTP/1.1" 200 32 "" "Mozilla/5.0 (Windows NT 10.0; Win64; x64) AppleWebKit/537.36 (KHTML, like Gecko) Chrome/75.0.3770.100 Safari/537.36"
[2019-07-12T12:17:48.160] [INFO] access - ::1 - - "GET /test HTTP/1.1" 200 41 "" "Mozilla/5.0 (Windows NT 10.0; Win64; x64) AppleWebKit/537.36 (KHTML, like Gecko) Chrome/75.0.3770.100 Safari/537.36"
[2019-07-12T12:17:50.839] [INFO] access - ::1 - - "GET / HTTP/1.1" 200 32 "" "Mozilla/5.0 (Windows NT 10.0; Win64; x64) AppleWebKit/537.36 (KHTML, like Gecko) Chrome/75.0.3770.100 Safari/537.36"
[2019-07-12T12:17:53.608] [INFO] access - ::1 - - "GET /login HTTP/1.1" 200 48 "" "Mozilla/5.0 (Windows NT 10.0; Win64; x64) AppleWebKit/537.36 (KHTML, like Gecko) Chrome/75.0.3770.100 Safari/537.36"
[2019-07-12T12:18:02.288] [INFO] access - ::1 - - "GET /login?username=zzc&pwd=123 HTTP/1.1" 200 45 "" "Mozilla/5.0 (Windows NT 10.0; Win64; x64) AppleWebKit/537.36 (KHTML, like Gecko) Chrome/75.0.3770.100 Safari/537.36"
[2019-07-12T12:18:06.939] [INFO] access - ::1 - - "GET /login?username=zzc&psd=123 HTTP/1.1" 200 57 "" "Mozilla/5.0 (Windows NT 10.0; Win64; x64) AppleWebKit/537.36 (KHTML, like Gecko) Chrome/75.0.3770.100 Safari/537.36"
[2019-07-12T12:18:10.707] [INFO] access - ::1 - - "GET /login?username=zzc&psd=123456 HTTP/1.1" 200 41 "" "Mozilla/5.0 (Windows NT 10.0; Win64; x64) AppleWebKit/537.36 (KHTML, like Gecko) Chrome/75.0.3770.100 Safari/537.36"
[2019-07-12T12:18:15.489] [INFO] access - ::1 - - "GET /login?username=zzc&psd=123456 HTTP/1.1" 200 41 "" "Mozilla/5.0 (Windows NT 10.0; Win64; x64) AppleWebKit/537.36 (KHTML, like Gecko) Chrome/75.0.3770.100 Safari/537.36"
[2019-07-12T12:18:19.186] [INFO] access - ::1 - - "GET /login?username=zzc&psd=123456 HTTP/1.1" 200 41 "" "Mozilla/5.0 (Windows NT 10.0; Win64; x64) AppleWebKit/537.36 (KHTML, like Gecko) Chrome/75.0.3770.100 Safari/537.36"
[2019-07-12T12:18:26.977] [INFO] access - ::1 - - "GET / HTTP/1.1" 200 35 "" "Mozilla/5.0 (Windows NT 10.0; Win64; x64) AppleWebKit/537.36 (KHTML, like Gecko) Chrome/75.0.3770.100 Safari/537.36"
[2019-07-12T12:18:34.640] [INFO] access - ::1 - - "GET / HTTP/1.1" 200 32 "" "Mozilla/5.0 (Windows NT 10.0; Win64; x64) AppleWebKit/537.36 (KHTML, like Gecko) Chrome/75.0.3770.100 Safari/537.36"
[2019-07-12T12:19:00.417] [INFO] access - ::1 - - "GET /login?username=zzc&psd=123456 HTTP/1.1" 200 41 "" "Mozilla/5.0 (Windows NT 10.0; Win64; x64) AppleWebKit/537.36 (KHTML, like Gecko) Chrome/75.0.3770.100 Safari/537.36"
[2019-07-12T12:19:03.528] [INFO] access - ::1 - - "GET / HTTP/1.1" 200 35 "" "Mozilla/5.0 (Windows NT 10.0; Win64; x64) AppleWebKit/537.36 (KHTML, like Gecko) Chrome/75.0.3770.100 Safari/537.36"
[2019-07-12T12:22:43.918] [INFO] access - ::1 - - "GET / HTTP/1.1" 200 35 "" "Mozilla/5.0 (Windows NT 10.0; Win64; x64) AppleWebKit/537.36 (KHTML, like Gecko) Chrome/75.0.3770.100 Safari/537.36"
[2019-07-12T12:25:22.316] [INFO] access - ::1 - - "GET / HTTP/1.1" 200 35 "" "Mozilla/5.0 (Windows NT 10.0; Win64; x64) AppleWebKit/537.36 (KHTML, like Gecko) Chrome/75.0.3770.100 Safari/537.36"
[2019-07-12T12:25:26.076] [INFO] access - ::1 - - "GET /roles HTTP/1.1" 404 - "" "Mozilla/5.0 (Windows NT 10.0; Win64; x64) AppleWebKit/537.36 (KHTML, like Gecko) Chrome/75.0.3770.100 Safari/537.36"
[2019-07-12T12:25:30.467] [INFO] access - ::1 - - "GET /roles/get HTTP/1.1" 404 - "" "Mozilla/5.0 (Windows NT 10.0; Win64; x64) AppleWebKit/537.36 (KHTML, like Gecko) Chrome/75.0.3770.100 Safari/537.36"
[2019-07-12T12:25:45.860] [INFO] access - ::1 - - "GET /roles/get HTTP/1.1" 404 - "" "Mozilla/5.0 (Windows NT 10.0; Win64; x64) AppleWebKit/537.36 (KHTML, like Gecko) Chrome/75.0.3770.100 Safari/537.36"
[2019-07-12T12:26:55.038] [INFO] access - ::1 - - "GET /roles/get HTTP/1.1" 200 197 "" "Mozilla/5.0 (Windows NT 10.0; Win64; x64) AppleWebKit/537.36 (KHTML, like Gecko) Chrome/75.0.3770.100 Safari/537.36"
[2019-07-12T12:28:50.254] [INFO] access - ::1 - - "GET /roles/get HTTP/1.1" 200 20 "" "Mozilla/5.0 (Windows NT 10.0; Win64; x64) AppleWebKit/537.36 (KHTML, like Gecko) Chrome/75.0.3770.100 Safari/537.36"
[2019-07-12T12:30:33.007] [INFO] access - ::1 - - "GET /roles/get HTTP/1.1" 200 20 "" "Mozilla/5.0 (Windows NT 10.0; Win64; x64) AppleWebKit/537.36 (KHTML, like Gecko) Chrome/75.0.3770.100 Safari/537.36"
[2019-07-12T12:30:57.284] [INFO] access - ::1 - - "GET /roles/get HTTP/1.1" 200 197 "" "Mozilla/5.0 (Windows NT 10.0; Win64; x64) AppleWebKit/537.36 (KHTML, like Gecko) Chrome/75.0.3770.100 Safari/537.36"
[2019-07-12T14:04:21.301] [INFO] access - ::1 - - "GET /roles/get HTTP/1.1" 200 197 "" "Mozilla/5.0 (Windows NT 10.0; Win64; x64) AppleWebKit/537.36 (KHTML, like Gecko) Chrome/75.0.3770.100 Safari/537.36"
[2019-07-12T14:40:23.907] [INFO] access - ::1 - - "GET /roles/get HTTP/1.1" 200 197 "" "Mozilla/5.0 (Windows NT 10.0; Win64; x64) AppleWebKit/537.36 (KHTML, like Gecko) Chrome/75.0.3770.100 Safari/537.36"
[2019-07-12T14:41:52.975] [INFO] access - ::1 - - "GET /user/get HTTP/1.1" 404 - "" "Mozilla/5.0 (Windows NT 10.0; Win64; x64) AppleWebKit/537.36 (KHTML, like Gecko) Chrome/75.0.3770.100 Safari/537.36"
[2019-07-12T14:41:57.872] [INFO] access - ::1 - - "GET /user/get HTTP/1.1" 404 - "" "Mozilla/5.0 (Windows NT 10.0; Win64; x64) AppleWebKit/537.36 (KHTML, like Gecko) Chrome/75.0.3770.100 Safari/537.36"
[2019-07-12T14:42:46.808] [INFO] access - ::1 - - "GET /api/user/get HTTP/1.1" 200 236 "" "Mozilla/5.0 (Windows NT 10.0; Win64; x64) AppleWebKit/537.36 (KHTML, like Gecko) Chrome/75.0.3770.100 Safari/537.36"
[2019-07-12T14:43:52.376] [INFO] access - ::1 - - "GET /api/roles/get HTTP/1.1" 200 197 "" "Mozilla/5.0 (Windows NT 10.0; Win64; x64) AppleWebKit/537.36 (KHTML, like Gecko) Chrome/75.0.3770.100 Safari/537.36"
[2019-07-12T14:44:34.672] [INFO] access - ::1 - - "GET /api/user/get HTTP/1.1" 200 236 "" "Mozilla/5.0 (Windows NT 10.0; Win64; x64) AppleWebKit/537.36 (KHTML, like Gecko) Chrome/75.0.3770.100 Safari/537.36"
[2019-07-12T14:50:24.302] [INFO] access - ::1 - - "GET /api/user/get HTTP/1.1" 200 236 "" "Mozilla/5.0 (Windows NT 10.0; Win64; x64) AppleWebKit/537.36 (KHTML, like Gecko) Chrome/75.0.3770.100 Safari/537.36"
[2019-07-12T14:54:57.553] [INFO] access - ::1 - - "GET /api/user/get HTTP/1.1" 200 32 "" "Mozilla/5.0 (Windows NT 10.0; Win64; x64) AppleWebKit/537.36 (KHTML, like Gecko) Chrome/75.0.3770.100 Safari/537.36"
[2019-07-12T14:55:04.097] [INFO] access - ::1 - - "GET /api/user/get HTTP/1.1" 200 32 "" "Mozilla/5.0 (Windows NT 10.0; Win64; x64) AppleWebKit/537.36 (KHTML, like Gecko) Chrome/75.0.3770.100 Safari/537.36"
[2019-07-12T14:55:21.873] [INFO] access - ::1 - - "GET /api/login?username=zzc&password=123456 HTTP/1.1" 200 32 "" "Mozilla/5.0 (Windows NT 10.0; Win64; x64) AppleWebKit/537.36 (KHTML, like Gecko) Chrome/75.0.3770.100 Safari/537.36"
[2019-07-12T14:55:24.961] [INFO] access - ::1 - - "GET /api/login?username=zzc&password=123456 HTTP/1.1" 200 32 "" "Mozilla/5.0 (Windows NT 10.0; Win64; x64) AppleWebKit/537.36 (KHTML, like Gecko) Chrome/75.0.3770.100 Safari/537.36"
[2019-07-12T14:55:53.032] [INFO] access - ::1 - - "GET /api/login?username=zzc&password=123456 HTTP/1.1" 200 32 "" "Mozilla/5.0 (Windows NT 10.0; Win64; x64) AppleWebKit/537.36 (KHTML, like Gecko) Chrome/75.0.3770.100 Safari/537.36"
[2019-07-12T14:56:14.710] [INFO] access - ::1 - - "GET /api/login?username=zzc&password=123456 HTTP/1.1" 200 41 "" "Mozilla/5.0 (Windows NT 10.0; Win64; x64) AppleWebKit/537.36 (KHTML, like Gecko) Chrome/75.0.3770.100 Safari/537.36"
[2019-07-12T14:56:18.605] [INFO] access - ::1 - - "GET /api/login?username=zzc&password=123456 HTTP/1.1" 200 41 "" "Mozilla/5.0 (Windows NT 10.0; Win64; x64) AppleWebKit/537.36 (KHTML, like Gecko) Chrome/75.0.3770.100 Safari/537.36"
[2019-07-12T14:56:18.927] [INFO] access - ::1 - - "GET /user/get HTTP/1.1" 404 - "" "Mozilla/5.0 (Windows NT 10.0; Win64; x64) AppleWebKit/537.36 (KHTML, like Gecko) Chrome/75.0.3770.100 Safari/537.36"
[2019-07-12T14:56:19.707] [INFO] access - ::1 - - "GET /api/user/get HTTP/1.1" 200 236 "" "Mozilla/5.0 (Windows NT 10.0; Win64; x64) AppleWebKit/537.36 (KHTML, like Gecko) Chrome/75.0.3770.100 Safari/537.36"
[2019-07-12T14:56:22.375] [INFO] access - ::1 - - "GET /user/get HTTP/1.1" 404 - "" "Mozilla/5.0 (Windows NT 10.0; Win64; x64) AppleWebKit/537.36 (KHTML, like Gecko) Chrome/75.0.3770.100 Safari/537.36"
[2019-07-12T14:56:28.457] [INFO] access - ::1 - - "GET /user/get HTTP/1.1" 404 - "" "Mozilla/5.0 (Windows NT 10.0; Win64; x64) AppleWebKit/537.36 (KHTML, like Gecko) Chrome/75.0.3770.100 Safari/537.36"
[2019-07-12T14:56:30.311] [INFO] access - ::1 - - "GET /user/get HTTP/1.1" 404 - "" "Mozilla/5.0 (Windows NT 10.0; Win64; x64) AppleWebKit/537.36 (KHTML, like Gecko) Chrome/75.0.3770.100 Safari/537.36"
[2019-07-12T14:57:16.519] [INFO] access - ::1 - - "GET /user/get HTTP/1.1" 404 - "" "Mozilla/5.0 (Windows NT 10.0; Win64; x64) AppleWebKit/537.36 (KHTML, like Gecko) Chrome/75.0.3770.100 Safari/537.36"
[2019-07-12T14:57:22.883] [INFO] access - ::1 - - "GET /api/user/get HTTP/1.1" 200 236 "" "Mozilla/5.0 (Windows NT 10.0; Win64; x64) AppleWebKit/537.36 (KHTML, like Gecko) Chrome/75.0.3770.100 Safari/537.36"
[2019-07-12T14:59:07.084] [INFO] access - ::1 - - "GET /api/user/get HTTP/1.1" 200 236 "" "Mozilla/5.0 (Windows NT 10.0; Win64; x64) AppleWebKit/537.36 (KHTML, like Gecko) Chrome/75.0.3770.100 Safari/537.36"
[2019-07-12T14:59:15.394] [INFO] access - ::1 - - "GET /api/user/getAll HTTP/1.1" 404 - "" "Mozilla/5.0 (Windows NT 10.0; Win64; x64) AppleWebKit/537.36 (KHTML, like Gecko) Chrome/75.0.3770.100 Safari/537.36"
[2019-07-12T15:00:11.976] [INFO] access - ::1 - - "GET /api/user/getAll HTTP/1.1" 200 236 "" "Mozilla/5.0 (Windows NT 10.0; Win64; x64) AppleWebKit/537.36 (KHTML, like Gecko) Chrome/75.0.3770.100 Safari/537.36"
[2019-07-12T15:00:18.929] [INFO] access - ::1 - - "GET /api/user/get HTTP/1.1" 200 236 "" "Mozilla/5.0 (Windows NT 10.0; Win64; x64) AppleWebKit/537.36 (KHTML, like Gecko) Chrome/75.0.3770.100 Safari/537.36"
[2019-07-12T15:01:43.896] [INFO] access - ::1 - - "GET /api/user/get?id=1 HTTP/1.1" 200 29 "" "Mozilla/5.0 (Windows NT 10.0; Win64; x64) AppleWebKit/537.36 (KHTML, like Gecko) Chrome/75.0.3770.100 Safari/537.36"
[2019-07-12T15:01:48.739] [INFO] access - ::1 - - "GET /api/user/get?id=2 HTTP/1.1" 200 29 "" "Mozilla/5.0 (Windows NT 10.0; Win64; x64) AppleWebKit/537.36 (KHTML, like Gecko) Chrome/75.0.3770.100 Safari/537.36"
[2019-07-12T15:01:54.935] [INFO] access - ::1 - - "GET /api/user/get HTTP/1.1" 200 236 "" "Mozilla/5.0 (Windows NT 10.0; Win64; x64) AppleWebKit/537.36 (KHTML, like Gecko) Chrome/75.0.3770.100 Safari/537.36"
[2019-07-12T15:02:24.931] [INFO] access - ::1 - - "GET /api/user/get HTTP/1.1" 200 236 "" "Mozilla/5.0 (Windows NT 10.0; Win64; x64) AppleWebKit/537.36 (KHTML, like Gecko) Chrome/75.0.3770.100 Safari/537.36"
[2019-07-12T15:05:20.897] [INFO] access - ::1 - - "GET /api/user/get HTTP/1.1" 200 44 "" "Mozilla/5.0 (Windows NT 10.0; Win64; x64) AppleWebKit/537.36 (KHTML, like Gecko) Chrome/75.0.3770.100 Safari/537.36"
[2019-07-12T15:05:24.998] [INFO] access - ::1 - - "GET /api/user/get HTTP/1.1" 200 44 "" "Mozilla/5.0 (Windows NT 10.0; Win64; x64) AppleWebKit/537.36 (KHTML, like Gecko) Chrome/75.0.3770.100 Safari/537.36"
[2019-07-12T15:05:31.125] [INFO] access - ::1 - - "GET /api/user/get HTTP/1.1" 200 44 "" "Mozilla/5.0 (Windows NT 10.0; Win64; x64) AppleWebKit/537.36 (KHTML, like Gecko) Chrome/75.0.3770.100 Safari/537.36"
[2019-07-12T15:05:33.427] [INFO] access - ::1 - - "GET /api/user/get HTTP/1.1" 200 32 "" "Mozilla/5.0 (Windows NT 10.0; Win64; x64) AppleWebKit/537.36 (KHTML, like Gecko) Chrome/75.0.3770.100 Safari/537.36"
[2019-07-12T15:05:43.186] [INFO] access - ::1 - - "GET /api/login?username=zzc&password=123456 HTTP/1.1" 200 41 "" "Mozilla/5.0 (Windows NT 10.0; Win64; x64) AppleWebKit/537.36 (KHTML, like Gecko) Chrome/75.0.3770.100 Safari/537.36"
[2019-07-12T15:05:44.908] [INFO] access - ::1 - - "GET /api/user/get HTTP/1.1" 200 44 "" "Mozilla/5.0 (Windows NT 10.0; Win64; x64) AppleWebKit/537.36 (KHTML, like Gecko) Chrome/75.0.3770.100 Safari/537.36"
[2019-07-12T15:05:46.531] [INFO] access - ::1 - - "GET /api/user/get HTTP/1.1" 200 44 "" "Mozilla/5.0 (Windows NT 10.0; Win64; x64) AppleWebKit/537.36 (KHTML, like Gecko) Chrome/75.0.3770.100 Safari/537.36"
[2019-07-12T15:05:46.667] [INFO] access - ::1 - - "GET /api/user/get HTTP/1.1" 200 44 "" "Mozilla/5.0 (Windows NT 10.0; Win64; x64) AppleWebKit/537.36 (KHTML, like Gecko) Chrome/75.0.3770.100 Safari/537.36"
[2019-07-12T15:05:46.810] [INFO] access - ::1 - - "GET /api/user/get HTTP/1.1" 200 44 "" "Mozilla/5.0 (Windows NT 10.0; Win64; x64) AppleWebKit/537.36 (KHTML, like Gecko) Chrome/75.0.3770.100 Safari/537.36"
[2019-07-12T15:06:15.716] [INFO] access - ::1 - - "GET /api/user/get HTTP/1.1" 200 32 "" "Mozilla/5.0 (Windows NT 10.0; Win64; x64) AppleWebKit/537.36 (KHTML, like Gecko) Chrome/75.0.3770.100 Safari/537.36"
[2019-07-12T15:06:18.800] [INFO] access - ::1 - - "GET /api/login?username=zzc&password=123456 HTTP/1.1" 200 41 "" "Mozilla/5.0 (Windows NT 10.0; Win64; x64) AppleWebKit/537.36 (KHTML, like Gecko) Chrome/75.0.3770.100 Safari/537.36"
[2019-07-12T15:06:21.561] [INFO] access - ::1 - - "GET /api/user/get HTTP/1.1" 200 143 "" "Mozilla/5.0 (Windows NT 10.0; Win64; x64) AppleWebKit/537.36 (KHTML, like Gecko) Chrome/75.0.3770.100 Safari/537.36"
[2019-07-12T15:08:29.631] [INFO] access - ::1 - - "GET /api/user/get HTTP/1.1" 200 143 "" "Mozilla/5.0 (Windows NT 10.0; Win64; x64) AppleWebKit/537.36 (KHTML, like Gecko) Chrome/75.0.3770.100 Safari/537.36"
[2019-07-12T15:08:33.771] [INFO] access - ::1 - - "GET /api/user/get?id=2 HTTP/1.1" 200 139 "" "Mozilla/5.0 (Windows NT 10.0; Win64; x64) AppleWebKit/537.36 (KHTML, like Gecko) Chrome/75.0.3770.100 Safari/537.36"
[2019-07-12T15:08:36.761] [INFO] access - ::1 - - "GET /api/user/get?id=3 HTTP/1.1" 200 45 "" "Mozilla/5.0 (Windows NT 10.0; Win64; x64) AppleWebKit/537.36 (KHTML, like Gecko) Chrome/75.0.3770.100 Safari/537.36"
[2019-07-12T15:09:47.700] [INFO] access - ::1 - - "GET /api/roles/get HTTP/1.1" 200 197 "" "Mozilla/5.0 (Windows NT 10.0; Win64; x64) AppleWebKit/537.36 (KHTML, like Gecko) Chrome/75.0.3770.100 Safari/537.36"
[2019-07-12T15:14:50.645] [INFO] access - ::1 - - "GET /api/user/get?id=3 HTTP/1.1" 200 45 "" "Mozilla/5.0 (Windows NT 10.0; Win64; x64) AppleWebKit/537.36 (KHTML, like Gecko) Chrome/75.0.3770.100 Safari/537.36"
[2019-07-12T15:14:52.880] [INFO] access - ::1 - - "GET /api/user/get?id=2 HTTP/1.1" 200 139 "" "Mozilla/5.0 (Windows NT 10.0; Win64; x64) AppleWebKit/537.36 (KHTML, like Gecko) Chrome/75.0.3770.100 Safari/537.36"
[2019-07-12T15:14:55.328] [INFO] access - ::1 - - "GET /api/roles/get HTTP/1.1" 200 197 "" "Mozilla/5.0 (Windows NT 10.0; Win64; x64) AppleWebKit/537.36 (KHTML, like Gecko) Chrome/75.0.3770.100 Safari/537.36"
[2019-07-12T15:14:58.218] [INFO] access - ::1 - - "GET /api/menus/get HTTP/1.1" 404 - "" "Mozilla/5.0 (Windows NT 10.0; Win64; x64) AppleWebKit/537.36 (KHTML, like Gecko) Chrome/75.0.3770.100 Safari/537.36"
[2019-07-12T15:15:36.163] [INFO] access - ::1 - - "GET /api/menus/get HTTP/1.1" 404 - "" "Mozilla/5.0 (Windows NT 10.0; Win64; x64) AppleWebKit/537.36 (KHTML, like Gecko) Chrome/75.0.3770.100 Safari/537.36"
[2019-07-12T15:15:41.022] [INFO] access - ::1 - - "GET /api/menus/get HTTP/1.1" 404 - "" "Mozilla/5.0 (Windows NT 10.0; Win64; x64) AppleWebKit/537.36 (KHTML, like Gecko) Chrome/75.0.3770.100 Safari/537.36"
[2019-07-12T15:15:58.243] [INFO] access - ::1 - - "GET /api/menus/get HTTP/1.1" 404 - "" "Mozilla/5.0 (Windows NT 10.0; Win64; x64) AppleWebKit/537.36 (KHTML, like Gecko) Chrome/75.0.3770.100 Safari/537.36"
[2019-07-12T15:16:00.368] [INFO] access - ::1 - - "GET /api/menus/get HTTP/1.1" 404 - "" "Mozilla/5.0 (Windows NT 10.0; Win64; x64) AppleWebKit/537.36 (KHTML, like Gecko) Chrome/75.0.3770.100 Safari/537.36"
[2019-07-12T15:16:07.247] [INFO] access - ::1 - - "GET /api/menus/get HTTP/1.1" 404 - "" "Mozilla/5.0 (Windows NT 10.0; Win64; x64) AppleWebKit/537.36 (KHTML, like Gecko) Chrome/75.0.3770.100 Safari/537.36"
[2019-07-12T15:17:04.674] [INFO] access - ::1 - - "GET /api/menus/get HTTP/1.1" 404 - "" "Mozilla/5.0 (Windows NT 10.0; Win64; x64) AppleWebKit/537.36 (KHTML, like Gecko) Chrome/75.0.3770.100 Safari/537.36"
[2019-07-12T15:17:10.886] [INFO] access - ::1 - - "GET /api/menus/get HTTP/1.1" 200 369 "" "Mozilla/5.0 (Windows NT 10.0; Win64; x64) AppleWebKit/537.36 (KHTML, like Gecko) Chrome/75.0.3770.100 Safari/537.36"
